<?xml version="1.0" encoding="UTF-8"?>
<robot generator="Robot 5.0.1 (Python 3.9.9 on win32)" generated="20221020 01:33:06.680" rpa="false" schemaversion="3">
<suite id="s1" name="Desafio2 amazon testes BDD" source="C:\Cursos no GIT\qa-training\Notes UDEMY\ROBOT BASIC\WebTesting\desafio_02\Desafio2_amazon_testes_BDD.robot">
<test id="s1-t1" name="Caso de teste 04 - Remover Produto do Carrinho" line="17">
<kw name="Abrir o navegador" library="Desafio2_amazon_resources_BDD" type="SETUP">
<doc>Essa keyword tem a funcionalidade de abrir o navegador para iniciar os testes</doc>
<kw name="Open Browser" library="SeleniumLibrary">
<arg>browser=chrome</arg>
<doc>Opens a new browser instance to the optional ``url``.</doc>
<msg timestamp="20221020 01:33:07.050" level="INFO">Opening browser 'chrome' to base url 'None'.</msg>
<status status="PASS" starttime="20221020 01:33:07.050" endtime="20221020 01:33:08.862"/>
</kw>
<kw name="Maximize Browser Window" library="SeleniumLibrary">
<doc>Maximizes current browser window.</doc>
<status status="PASS" starttime="20221020 01:33:08.862" endtime="20221020 01:33:09.008"/>
</kw>
<status status="PASS" starttime="20221020 01:33:07.050" endtime="20221020 01:33:09.008"/>
</kw>
<kw name="Dado que estou na home page do site Amazon.com.br" library="Desafio2_amazon_resources_BDD">
<doc>Essa keyword tem a funcionalidade de acessar a home page da AMAZON
e aguardar até o componente de PESQUISA ser exibido na tela</doc>
<kw name="Go To" library="SeleniumLibrary">
<arg>${url}</arg>
<doc>Navigates the current browser window to the provided ``url``.</doc>
<msg timestamp="20221020 01:33:09.008" level="INFO">Opening url 'https://amazon.com.br/'</msg>
<status status="PASS" starttime="20221020 01:33:09.008" endtime="20221020 01:33:18.051"/>
</kw>
<kw name="Wait Until Element Is Visible" library="SeleniumLibrary">
<arg>${barra_pesquisa}</arg>
<doc>Waits until the element ``locator`` is visible.</doc>
<status status="PASS" starttime="20221020 01:33:18.052" endtime="20221020 01:33:18.157"/>
</kw>
<status status="PASS" starttime="20221020 01:33:09.008" endtime="20221020 01:33:18.157"/>
</kw>
<kw name="E existe o produto Console Xbox Series S no carrinho" library="Desafio2_amazon_resources_BDD">
<kw name="Quando adicionar o produto Console Xbos Series S no carrinho" library="Desafio2_amazon_resources_BDD">
<kw name="Digitar o nome do produto &quot;Console Xbox Series S&quot; no campo de pesquisa para filtrar" library="Desafio2_amazon_resources_BDD" sourcename="Digitar o nome do produto &quot;${nome_produto}&quot; no campo de pesquisa para filtrar">
<doc>Essa keyword tem a funcionalidade de digitar o "nome de um produto" dentro da barra de pesquisas do site
e clicar no botão PESQUISAR para filtrar</doc>
<kw name="Input Text" library="SeleniumLibrary">
<arg>locator=${barra_pesquisa}</arg>
<arg>text=${nome_produto}</arg>
<doc>Types the given ``text`` into the text field identified by ``locator``.</doc>
<msg timestamp="20221020 01:33:18.160" level="INFO">Typing text 'Console Xbox Series S' into text field '//input[@aria-label='Pesquisa']'.</msg>
<status status="PASS" starttime="20221020 01:33:18.159" endtime="20221020 01:33:18.545"/>
</kw>
<kw name="Click Element" library="SeleniumLibrary">
<arg>locator=${botao_pesquisa}</arg>
<doc>Click the element identified by ``locator``.</doc>
<msg timestamp="20221020 01:33:18.546" level="INFO">Clicking element '//input[@value='Ir']'.</msg>
<status status="PASS" starttime="20221020 01:33:18.545" endtime="20221020 01:33:18.702"/>
</kw>
<kw name="Ordenar a pesquisa por média de avalições dos clientes" library="Desafio2_amazon_resources_BDD">
<doc>Essa keyword tem a função escolher a ordem de exibição dos itens da pesquisa</doc>
<kw name="Wait Until Element Is Visible" library="SeleniumLibrary">
<arg>locator=${botao_ordem_pesquisa}</arg>
<doc>Waits until the element ``locator`` is visible.</doc>
<status status="PASS" starttime="20221020 01:33:18.703" endtime="20221020 01:33:22.480"/>
</kw>
<kw name="Click Element" library="SeleniumLibrary">
<arg>locator=${botao_ordem_pesquisa}</arg>
<doc>Click the element identified by ``locator``.</doc>
<msg timestamp="20221020 01:33:22.482" level="INFO">Clicking element 'a-autoid-0-announce'.</msg>
<status status="PASS" starttime="20221020 01:33:22.481" endtime="20221020 01:33:22.616"/>
</kw>
<kw name="Wait Until Element Is Visible" library="SeleniumLibrary">
<arg>locator=${ordem_media}</arg>
<doc>Waits until the element ``locator`` is visible.</doc>
<status status="PASS" starttime="20221020 01:33:22.616" endtime="20221020 01:33:22.727"/>
</kw>
<kw name="Click Element" library="SeleniumLibrary">
<arg>locator=${ordem_media}</arg>
<doc>Click the element identified by ``locator``.</doc>
<msg timestamp="20221020 01:33:22.728" level="INFO">Clicking element '//a[contains(.,'Méd. Avaliações de clientes')]'.</msg>
<status status="PASS" starttime="20221020 01:33:22.727" endtime="20221020 01:33:22.847"/>
</kw>
<status status="PASS" starttime="20221020 01:33:18.702" endtime="20221020 01:33:22.847"/>
</kw>
<status status="PASS" starttime="20221020 01:33:18.159" endtime="20221020 01:33:22.847"/>
</kw>
<kw name="Então o produto &quot;Console Xbox Series S&quot; deve ser apresentado na página" library="Desafio2_amazon_resources_BDD" sourcename="Então o produto &quot;${lista_produto}&quot; deve ser apresentado na página">
<doc>Essa keyword tem a funcionalidade verificar se o produto pesquisado está sendo exibido na consulta</doc>
<kw name="Wait Until Element Is Visible" library="SeleniumLibrary">
<arg>locator=${foto_xbox}</arg>
<doc>Waits until the element ``locator`` is visible.</doc>
<status status="PASS" starttime="20221020 01:33:22.849" endtime="20221020 01:33:23.631"/>
</kw>
<status status="PASS" starttime="20221020 01:33:22.848" endtime="20221020 01:33:23.631"/>
</kw>
<kw name="E o produto &quot;Console Xbox Series S&quot; deve ser &quot;adicionado&quot; no carrinho" library="Desafio2_amazon_resources_BDD" sourcename="E o produto &quot;${produto}&quot; deve ser &quot;${acao}&quot; no carrinho">
<doc>Essa keyword tem a funcionalidade de ADICIONAR ou REMOVER um determinado "produto" do carrinho</doc>
<if>
<branch type="IF" condition="'${acao.upper()}'=='ADICIONADO'">
<kw name="Click Element" library="SeleniumLibrary">
<arg>locator=${foto_xbox}</arg>
<doc>Click the element identified by ``locator``.</doc>
<msg timestamp="20221020 01:33:23.633" level="INFO">Clicking element '//img[contains(@alt,'Console Xbox Series S')]'.</msg>
<status status="PASS" starttime="20221020 01:33:23.633" endtime="20221020 01:33:30.003"/>
</kw>
<kw name="Wait Until Element Is Visible" library="SeleniumLibrary">
<arg>locator=${botao_adicionar}</arg>
<doc>Waits until the element ``locator`` is visible.</doc>
<status status="PASS" starttime="20221020 01:33:30.003" endtime="20221020 01:33:30.038"/>
</kw>
<kw name="Click Element" library="SeleniumLibrary">
<arg>locator=${botao_adicionar}</arg>
<doc>Click the element identified by ``locator``.</doc>
<msg timestamp="20221020 01:33:30.039" level="INFO">Clicking element '//input[contains(@name,'submit.add-to-cart')]'.</msg>
<status status="PASS" starttime="20221020 01:33:30.038" endtime="20221020 01:33:32.164"/>
</kw>
<kw name="Wait Until Element Is Visible" library="SeleniumLibrary">
<arg>locator=${frase_adicionado}</arg>
<doc>Waits until the element ``locator`` is visible.</doc>
<status status="PASS" starttime="20221020 01:33:32.165" endtime="20221020 01:33:32.272"/>
</kw>
<status status="PASS" starttime="20221020 01:33:23.633" endtime="20221020 01:33:32.272"/>
</branch>
<branch type="ELSE IF" condition="'${acao.upper()}'=='REMOVIDO'">
<kw name="Wait Until Element Is Visible" library="SeleniumLibrary">
<arg>locator=${botao_remover}</arg>
<doc>Waits until the element ``locator`` is visible.</doc>
<status status="NOT RUN" starttime="20221020 01:33:32.272" endtime="20221020 01:33:32.273"/>
</kw>
<kw name="Click Element" library="SeleniumLibrary">
<arg>locator=${botao_remover}</arg>
<doc>Click the element identified by ``locator``.</doc>
<status status="NOT RUN" starttime="20221020 01:33:32.273" endtime="20221020 01:33:32.273"/>
</kw>
<status status="NOT RUN" starttime="20221020 01:33:32.272" endtime="20221020 01:33:32.273"/>
</branch>
<status status="PASS" starttime="20221020 01:33:23.632" endtime="20221020 01:33:32.273"/>
</if>
<status status="PASS" starttime="20221020 01:33:23.632" endtime="20221020 01:33:32.273"/>
</kw>
<status status="PASS" starttime="20221020 01:33:18.158" endtime="20221020 01:33:32.274"/>
</kw>
<kw name="Então o produto &quot;Console Xbox Series S&quot; deve ser apresentado dentro do carrinho de compras" library="Desafio2_amazon_resources_BDD" sourcename="Então o produto &quot;${produto_carrinho}&quot; deve ser apresentado dentro do carrinho de compras">
<doc>Essa keyword tem a funcionalidade de visualizar o produto dentro do carrinho de compras</doc>
<kw name="Click Element" library="SeleniumLibrary">
<arg>locator=${botao_ir_carrinho}</arg>
<doc>Click the element identified by ``locator``.</doc>
<msg timestamp="20221020 01:33:32.276" level="INFO">Clicking element '//span[@class='a-button a-spacing-top-base a-button-span12 a-button-base'][contains(.,'Ir para o carrinho')]'.</msg>
<status status="PASS" starttime="20221020 01:33:32.275" endtime="20221020 01:33:35.250"/>
</kw>
<kw name="Wait Until Element Is Visible" library="SeleniumLibrary">
<arg>locator=${frase_carrinho_compras}</arg>
<doc>Waits until the element ``locator`` is visible.</doc>
<status status="PASS" starttime="20221020 01:33:35.250" endtime="20221020 01:33:35.360"/>
</kw>
<kw name="Wait Until Element Is Visible" library="SeleniumLibrary">
<arg>locator=${item_carrinho}</arg>
<doc>Waits until the element ``locator`` is visible.</doc>
<status status="PASS" starttime="20221020 01:33:35.360" endtime="20221020 01:33:35.382"/>
</kw>
<status status="PASS" starttime="20221020 01:33:32.274" endtime="20221020 01:33:35.382"/>
</kw>
<status status="PASS" starttime="20221020 01:33:18.158" endtime="20221020 01:33:35.382"/>
</kw>
<kw name="Quando remover o produto Console Xbox Series S do carrinho" library="Desafio2_amazon_resources_BDD">
<kw name="E o produto &quot;Console Xbox Series S&quot; deve ser &quot;removido&quot; no carrinho" library="Desafio2_amazon_resources_BDD" sourcename="E o produto &quot;${produto}&quot; deve ser &quot;${acao}&quot; no carrinho">
<doc>Essa keyword tem a funcionalidade de ADICIONAR ou REMOVER um determinado "produto" do carrinho</doc>
<if>
<branch type="IF" condition="'${acao.upper()}'=='ADICIONADO'">
<kw name="Click Element" library="SeleniumLibrary">
<arg>locator=${foto_xbox}</arg>
<doc>Click the element identified by ``locator``.</doc>
<status status="NOT RUN" starttime="20221020 01:33:35.382" endtime="20221020 01:33:35.382"/>
</kw>
<kw name="Wait Until Element Is Visible" library="SeleniumLibrary">
<arg>locator=${botao_adicionar}</arg>
<doc>Waits until the element ``locator`` is visible.</doc>
<status status="NOT RUN" starttime="20221020 01:33:35.382" endtime="20221020 01:33:35.382"/>
</kw>
<kw name="Click Element" library="SeleniumLibrary">
<arg>locator=${botao_adicionar}</arg>
<doc>Click the element identified by ``locator``.</doc>
<status status="NOT RUN" starttime="20221020 01:33:35.382" endtime="20221020 01:33:35.382"/>
</kw>
<kw name="Wait Until Element Is Visible" library="SeleniumLibrary">
<arg>locator=${frase_adicionado}</arg>
<doc>Waits until the element ``locator`` is visible.</doc>
<status status="NOT RUN" starttime="20221020 01:33:35.382" endtime="20221020 01:33:35.382"/>
</kw>
<status status="NOT RUN" starttime="20221020 01:33:35.382" endtime="20221020 01:33:35.382"/>
</branch>
<branch type="ELSE IF" condition="'${acao.upper()}'=='REMOVIDO'">
<kw name="Wait Until Element Is Visible" library="SeleniumLibrary">
<arg>locator=${botao_remover}</arg>
<doc>Waits until the element ``locator`` is visible.</doc>
<status status="PASS" starttime="20221020 01:33:35.382" endtime="20221020 01:33:35.419"/>
</kw>
<kw name="Click Element" library="SeleniumLibrary">
<arg>locator=${botao_remover}</arg>
<doc>Click the element identified by ``locator``.</doc>
<msg timestamp="20221020 01:33:35.421" level="INFO">Clicking element '//input[@value='Excluir']'.</msg>
<status status="PASS" starttime="20221020 01:33:35.420" endtime="20221020 01:33:35.559"/>
</kw>
<status status="PASS" starttime="20221020 01:33:35.382" endtime="20221020 01:33:35.559"/>
</branch>
<status status="PASS" starttime="20221020 01:33:35.382" endtime="20221020 01:33:35.560"/>
</if>
<status status="PASS" starttime="20221020 01:33:35.382" endtime="20221020 01:33:35.560"/>
</kw>
<status status="PASS" starttime="20221020 01:33:35.382" endtime="20221020 01:33:35.560"/>
</kw>
<kw name="Então o carrinho deve ficar vazio" library="Desafio2_amazon_resources_BDD">
<kw name="Então o carrinho de compras deve ser apresentado vazio" library="Desafio2_amazon_resources_BDD">
<doc>Essa keyword tem a funcionalidade de exibir o carrinho de compras VAZIO</doc>
<kw name="Wait Until Element Is Visible" library="SeleniumLibrary">
<arg>locator=${carrinho_vazio}</arg>
<doc>Waits until the element ``locator`` is visible.</doc>
<status status="PASS" starttime="20221020 01:33:35.562" endtime="20221020 01:33:36.051"/>
</kw>
<status status="PASS" starttime="20221020 01:33:35.562" endtime="20221020 01:33:36.052"/>
</kw>
<status status="PASS" starttime="20221020 01:33:35.561" endtime="20221020 01:33:36.052"/>
</kw>
<kw name="Fechar o navegador" library="Desafio2_amazon_resources_BDD" type="TEARDOWN">
<doc>Essa keyword tem a funcionalidade de fechar o navegador para encerrar os testes</doc>
<kw name="Capture Page Screenshot" library="SeleniumLibrary">
<doc>Takes a screenshot of the current page and embeds it into a log file.</doc>
<msg timestamp="20221020 01:33:36.211" level="INFO" html="true">&lt;/td&gt;&lt;/tr&gt;&lt;tr&gt;&lt;td colspan="3"&gt;&lt;a href="selenium-screenshot-1.png"&gt;&lt;img src="selenium-screenshot-1.png" width="800px"&gt;&lt;/a&gt;</msg>
<status status="PASS" starttime="20221020 01:33:36.054" endtime="20221020 01:33:36.211"/>
</kw>
<kw name="Close Browser" library="SeleniumLibrary">
<doc>Closes the current browser.</doc>
<status status="PASS" starttime="20221020 01:33:36.211" endtime="20221020 01:33:38.814"/>
</kw>
<status status="PASS" starttime="20221020 01:33:36.053" endtime="20221020 01:33:38.814"/>
</kw>
<doc>Esse teste verifica a remoção de um produto do carrinho de compras</doc>
<tag>remover_carrinho</tag>
<status status="PASS" starttime="20221020 01:33:07.050" endtime="20221020 01:33:38.814"/>
</test>
<doc>Essa suite tem como objetivo realizar os testes propostos no DESAFIO 2 do curso,
Onde, os casos de teste 03 e 04 foram criados seguindo o padrão de BDD proposto</doc>
<status status="PASS" starttime="20221020 01:33:06.680" endtime="20221020 01:33:38.814"/>
</suite>
<statistics>
<total>
<stat pass="1" fail="0" skip="0">All Tests</stat>
</total>
<tag>
<stat pass="1" fail="0" skip="0">remover_carrinho</stat>
</tag>
<suite>
<stat pass="1" fail="0" skip="0" id="s1" name="Desafio2 amazon testes BDD">Desafio2 amazon testes BDD</stat>
</suite>
</statistics>
<errors>
</errors>
</robot>
