<?xml version="1.0" encoding="UTF-8"?>
<robot generator="Robot 6.0 (Python 3.7.0 on win32)" generated="20221031 16:20:52.375" rpa="false" schemaversion="3">
<suite id="s1" name="praticando LISTA" source="G:\My Drive\Cursos\Notes UDEMY\Robot_BASIC\Variaveis_argumentos\praticando_LISTA.robot">
<test id="s1-t1" name="Meses do ano" line="8">
<kw name="Exibir">
<kw name="Log" library="BuiltIn">
<arg>${meses[0]}</arg>
<doc>Logs the given message with the given level.</doc>
<msg timestamp="20221031 16:20:52.398" level="INFO">Janeiro</msg>
<status status="PASS" starttime="20221031 16:20:52.397" endtime="20221031 16:20:52.398"/>
</kw>
<kw name="Log" library="BuiltIn">
<arg>${meses[1]}</arg>
<doc>Logs the given message with the given level.</doc>
<msg timestamp="20221031 16:20:52.398" level="INFO">Fevereiro</msg>
<status status="PASS" starttime="20221031 16:20:52.398" endtime="20221031 16:20:52.398"/>
</kw>
<kw name="Log" library="BuiltIn">
<arg>${meses[2]}</arg>
<doc>Logs the given message with the given level.</doc>
<msg timestamp="20221031 16:20:52.399" level="INFO">Março</msg>
<status status="PASS" starttime="20221031 16:20:52.398" endtime="20221031 16:20:52.399"/>
</kw>
<kw name="Log" library="BuiltIn">
<arg>${meses[3]}</arg>
<doc>Logs the given message with the given level.</doc>
<msg timestamp="20221031 16:20:52.399" level="INFO">Abril</msg>
<status status="PASS" starttime="20221031 16:20:52.399" endtime="20221031 16:20:52.399"/>
</kw>
<kw name="Log" library="BuiltIn">
<arg>${meses[4]}</arg>
<doc>Logs the given message with the given level.</doc>
<msg timestamp="20221031 16:20:52.400" level="INFO">Maio</msg>
<status status="PASS" starttime="20221031 16:20:52.400" endtime="20221031 16:20:52.400"/>
</kw>
<kw name="Log" library="BuiltIn">
<arg>${meses[5]}</arg>
<doc>Logs the given message with the given level.</doc>
<msg timestamp="20221031 16:20:52.400" level="INFO">Junho</msg>
<status status="PASS" starttime="20221031 16:20:52.400" endtime="20221031 16:20:52.401"/>
</kw>
<kw name="Log" library="BuiltIn">
<arg>${meses[6]}</arg>
<doc>Logs the given message with the given level.</doc>
<msg timestamp="20221031 16:20:52.401" level="INFO">Julho</msg>
<status status="PASS" starttime="20221031 16:20:52.401" endtime="20221031 16:20:52.401"/>
</kw>
<kw name="Log" library="BuiltIn">
<arg>${meses[7]}</arg>
<doc>Logs the given message with the given level.</doc>
<msg timestamp="20221031 16:20:52.402" level="INFO">Agosto</msg>
<status status="PASS" starttime="20221031 16:20:52.401" endtime="20221031 16:20:52.402"/>
</kw>
<kw name="Log" library="BuiltIn">
<arg>${meses[8]}</arg>
<doc>Logs the given message with the given level.</doc>
<msg timestamp="20221031 16:20:52.402" level="INFO">Setembro</msg>
<status status="PASS" starttime="20221031 16:20:52.402" endtime="20221031 16:20:52.402"/>
</kw>
<kw name="Log" library="BuiltIn">
<arg>${meses[9]}</arg>
<doc>Logs the given message with the given level.</doc>
<msg timestamp="20221031 16:20:52.403" level="INFO">Outubro</msg>
<status status="PASS" starttime="20221031 16:20:52.402" endtime="20221031 16:20:52.403"/>
</kw>
<kw name="Log" library="BuiltIn">
<arg>${meses[10]}</arg>
<doc>Logs the given message with the given level.</doc>
<msg timestamp="20221031 16:20:52.403" level="INFO">Novembro</msg>
<status status="PASS" starttime="20221031 16:20:52.403" endtime="20221031 16:20:52.403"/>
</kw>
<kw name="Log" library="BuiltIn">
<arg>${meses[11]}</arg>
<doc>Logs the given message with the given level.</doc>
<msg timestamp="20221031 16:20:52.404" level="INFO">Dezembro</msg>
<status status="PASS" starttime="20221031 16:20:52.403" endtime="20221031 16:20:52.404"/>
</kw>
<status status="PASS" starttime="20221031 16:20:52.397" endtime="20221031 16:20:52.404"/>
</kw>
<status status="PASS" starttime="20221031 16:20:52.396" endtime="20221031 16:20:52.405"/>
</test>
<doc>Praticando variáveis de LISTA</doc>
<status status="PASS" starttime="20221031 16:20:52.377" endtime="20221031 16:20:52.406"/>
</suite>
<statistics>
<total>
<stat pass="1" fail="0" skip="0">All Tests</stat>
</total>
<tag>
</tag>
<suite>
<stat pass="1" fail="0" skip="0" id="s1" name="praticando LISTA">praticando LISTA</stat>
</suite>
</statistics>
<errors>
</errors>
</robot>
