<?xml version="1.0" encoding="UTF-8"?>
<robot generator="Robot 5.0.1 (Python 3.9.9 on win32)" generated="20221031 12:35:18.181" rpa="false" schemaversion="3">
<suite id="s1" name="praticando DICIONARIO" source="C:\Cursos no GIT\qa-training\Notes UDEMY\ROBOT BASIC\Variaveis\praticando_DICIONARIO.robot">
<test id="s1-t1" name="Meses do ano" line="19">
<kw name="Exibir">
<kw name="Log" library="BuiltIn">
<arg>O mês de ${JAN.mes}, possui ${JAN.dia} dias</arg>
<doc>Logs the given message with the given level.</doc>
<msg timestamp="20221031 12:35:18.252" level="INFO">O mês de Janeiro, possui 31 dias</msg>
<status status="PASS" starttime="20221031 12:35:18.250" endtime="20221031 12:35:18.252"/>
</kw>
<kw name="Log" library="BuiltIn">
<arg>O mês de ${FEV.mes}, possui ${FEV.dia} dias</arg>
<doc>Logs the given message with the given level.</doc>
<msg timestamp="20221031 12:35:18.257" level="INFO">O mês de Fevereiro, possui 28 dias</msg>
<status status="PASS" starttime="20221031 12:35:18.252" endtime="20221031 12:35:18.258"/>
</kw>
<kw name="Log" library="BuiltIn">
<arg>O mês de ${MAR.mes}, possui ${MAR.dia} dias</arg>
<doc>Logs the given message with the given level.</doc>
<msg timestamp="20221031 12:35:18.262" level="INFO">O mês de Março, possui 31 dias</msg>
<status status="PASS" starttime="20221031 12:35:18.258" endtime="20221031 12:35:18.262"/>
</kw>
<kw name="Log" library="BuiltIn">
<arg>O mês de ${ABR.mes}, possui ${ABR.dia} dias</arg>
<doc>Logs the given message with the given level.</doc>
<msg timestamp="20221031 12:35:18.264" level="INFO">O mês de Abril, possui 30 dias</msg>
<status status="PASS" starttime="20221031 12:35:18.262" endtime="20221031 12:35:18.264"/>
</kw>
<kw name="Log" library="BuiltIn">
<arg>O mês de ${MAI.mes}, possui ${MAI.dia} dias</arg>
<doc>Logs the given message with the given level.</doc>
<msg timestamp="20221031 12:35:18.266" level="INFO">O mês de Maio, possui 31 dias</msg>
<status status="PASS" starttime="20221031 12:35:18.264" endtime="20221031 12:35:18.266"/>
</kw>
<kw name="Log" library="BuiltIn">
<arg>O mês de ${JUN.mes}, possui ${JUN.dia} dias</arg>
<doc>Logs the given message with the given level.</doc>
<msg timestamp="20221031 12:35:18.268" level="INFO">O mês de Junho, possui 30 dias</msg>
<status status="PASS" starttime="20221031 12:35:18.266" endtime="20221031 12:35:18.268"/>
</kw>
<kw name="Log" library="BuiltIn">
<arg>O mês de ${JUL.mes}, possui ${JUL.dia} dias</arg>
<doc>Logs the given message with the given level.</doc>
<msg timestamp="20221031 12:35:18.270" level="INFO">O mês de Julho, possui 30 dias</msg>
<status status="PASS" starttime="20221031 12:35:18.268" endtime="20221031 12:35:18.270"/>
</kw>
<kw name="Log" library="BuiltIn">
<arg>O mês de ${AGO.mes}, possui ${AGO.dia} dias</arg>
<doc>Logs the given message with the given level.</doc>
<msg timestamp="20221031 12:35:18.277" level="INFO">O mês de Agosto, possui 31 dias</msg>
<status status="PASS" starttime="20221031 12:35:18.271" endtime="20221031 12:35:18.277"/>
</kw>
<kw name="Log" library="BuiltIn">
<arg>O mês de ${SET.mes}, possui ${SET.dia} dias</arg>
<doc>Logs the given message with the given level.</doc>
<msg timestamp="20221031 12:35:18.279" level="INFO">O mês de Setembro, possui 30 dias</msg>
<status status="PASS" starttime="20221031 12:35:18.277" endtime="20221031 12:35:18.279"/>
</kw>
<kw name="Log" library="BuiltIn">
<arg>O mês de ${OUT.mes}, possui ${OUT.dia} dias</arg>
<doc>Logs the given message with the given level.</doc>
<msg timestamp="20221031 12:35:18.282" level="INFO">O mês de Outubro, possui 31 dias</msg>
<status status="PASS" starttime="20221031 12:35:18.280" endtime="20221031 12:35:18.282"/>
</kw>
<kw name="Log" library="BuiltIn">
<arg>O mês de ${NOV.mes}, possui ${NOV.dia} dias</arg>
<doc>Logs the given message with the given level.</doc>
<msg timestamp="20221031 12:35:18.285" level="INFO">O mês de Novembro, possui 30 dias</msg>
<status status="PASS" starttime="20221031 12:35:18.282" endtime="20221031 12:35:18.285"/>
</kw>
<kw name="Log" library="BuiltIn">
<arg>O mês de ${DEZ.mes}, possui ${DEZ.dia} dias</arg>
<doc>Logs the given message with the given level.</doc>
<msg timestamp="20221031 12:35:18.290" level="INFO">O mês de Dezembro, possui 31 dias</msg>
<status status="PASS" starttime="20221031 12:35:18.285" endtime="20221031 12:35:18.291"/>
</kw>
<status status="PASS" starttime="20221031 12:35:18.249" endtime="20221031 12:35:18.291"/>
</kw>
<status status="PASS" starttime="20221031 12:35:18.248" endtime="20221031 12:35:18.292"/>
</test>
<doc>Praticando variáveis de DICIONARIO</doc>
<status status="PASS" starttime="20221031 12:35:18.181" endtime="20221031 12:35:18.295"/>
</suite>
<statistics>
<total>
<stat pass="1" fail="0" skip="0">All Tests</stat>
</total>
<tag>
</tag>
<suite>
<stat pass="1" fail="0" skip="0" id="s1" name="praticando DICIONARIO">praticando DICIONARIO</stat>
</suite>
</statistics>
<errors>
</errors>
</robot>
