<?xml version="1.0" encoding="UTF-8"?>
<robot generator="Robot 6.0 (Python 3.7.0 on win32)" generated="20221031 16:22:10.788" rpa="false" schemaversion="3">
<suite id="s1" name="praticando ARGUMENTOS" source="G:\My Drive\Cursos\Notes UDEMY\Robot_BASIC\Variaveis_argumentos\praticando_ARGUMENTOS.robot">
<test id="s1-t1" name="Novo email" line="9">
<kw name="Criando email customizado para">
<arg>bruna</arg>
<arg>carareto</arg>
<kw name="Generate Random String" library="String">
<var>${palavra_aleatoria}</var>
<doc>Generates a string with a desired ``length`` from the given ``chars``.</doc>
<msg timestamp="20221031 16:22:10.815" level="INFO">${palavra_aleatoria} = nhImUqdj</msg>
<status status="PASS" starttime="20221031 16:22:10.815" endtime="20221031 16:22:10.815"/>
</kw>
<kw name="Set Variable" library="BuiltIn">
<var>${email}</var>
<arg>${nome}${sobrenome}${palavra_aleatoria}${email_padrao}</arg>
<doc>Returns the given values which can then be assigned to a variables.</doc>
<msg timestamp="20221031 16:22:10.816" level="INFO">${email} = brunacararetonhImUqdj@testerobot.com</msg>
<status status="PASS" starttime="20221031 16:22:10.815" endtime="20221031 16:22:10.816"/>
</kw>
<kw name="Log" library="BuiltIn">
<arg>${email}</arg>
<doc>Logs the given message with the given level.</doc>
<msg timestamp="20221031 16:22:10.816" level="INFO">brunacararetonhImUqdj@testerobot.com</msg>
<status status="PASS" starttime="20221031 16:22:10.816" endtime="20221031 16:22:10.816"/>
</kw>
<status status="PASS" starttime="20221031 16:22:10.815" endtime="20221031 16:22:10.816"/>
</kw>
<status status="PASS" starttime="20221031 16:22:10.814" endtime="20221031 16:22:10.817"/>
</test>
<doc>Exemplo de teste de argumentos</doc>
<status status="PASS" starttime="20221031 16:22:10.791" endtime="20221031 16:22:10.819"/>
</suite>
<statistics>
<total>
<stat pass="1" fail="0" skip="0">All Tests</stat>
</total>
<tag>
</tag>
<suite>
<stat pass="1" fail="0" skip="0" id="s1" name="praticando ARGUMENTOS">praticando ARGUMENTOS</stat>
</suite>
</statistics>
<errors>
</errors>
</robot>
