<?xml version="1.0" encoding="UTF-8"?>
<robot generator="Robot 6.0 (Python 3.7.0 on win32)" generated="20221031 16:21:51.087" rpa="false" schemaversion="3">
<suite id="s1" name="praticando DICIONARIO" source="G:\My Drive\Cursos\Notes UDEMY\Robot_BASIC\Variaveis_argumentos\praticando_DICIONARIO.robot">
<test id="s1-t1" name="Meses do ano" line="19">
<kw name="Exibir">
<kw name="Log" library="BuiltIn">
<arg>O mês de ${JAN.mes}, possui ${JAN.dia} dias</arg>
<doc>Logs the given message with the given level.</doc>
<msg timestamp="20221031 16:21:51.112" level="INFO">O mês de Janeiro, possui 31 dias</msg>
<status status="PASS" starttime="20221031 16:21:51.111" endtime="20221031 16:21:51.112"/>
</kw>
<kw name="Log" library="BuiltIn">
<arg>O mês de ${FEV.mes}, possui ${FEV.dia} dias</arg>
<doc>Logs the given message with the given level.</doc>
<msg timestamp="20221031 16:21:51.113" level="INFO">O mês de Fevereiro, possui 28 dias</msg>
<status status="PASS" starttime="20221031 16:21:51.112" endtime="20221031 16:21:51.113"/>
</kw>
<kw name="Log" library="BuiltIn">
<arg>O mês de ${MAR.mes}, possui ${MAR.dia} dias</arg>
<doc>Logs the given message with the given level.</doc>
<msg timestamp="20221031 16:21:51.114" level="INFO">O mês de Março, possui 31 dias</msg>
<status status="PASS" starttime="20221031 16:21:51.113" endtime="20221031 16:21:51.114"/>
</kw>
<kw name="Log" library="BuiltIn">
<arg>O mês de ${ABR.mes}, possui ${ABR.dia} dias</arg>
<doc>Logs the given message with the given level.</doc>
<msg timestamp="20221031 16:21:51.115" level="INFO">O mês de Abril, possui 30 dias</msg>
<status status="PASS" starttime="20221031 16:21:51.114" endtime="20221031 16:21:51.115"/>
</kw>
<kw name="Log" library="BuiltIn">
<arg>O mês de ${MAI.mes}, possui ${MAI.dia} dias</arg>
<doc>Logs the given message with the given level.</doc>
<msg timestamp="20221031 16:21:51.116" level="INFO">O mês de Maio, possui 31 dias</msg>
<status status="PASS" starttime="20221031 16:21:51.115" endtime="20221031 16:21:51.116"/>
</kw>
<kw name="Log" library="BuiltIn">
<arg>O mês de ${JUN.mes}, possui ${JUN.dia} dias</arg>
<doc>Logs the given message with the given level.</doc>
<msg timestamp="20221031 16:21:51.117" level="INFO">O mês de Junho, possui 30 dias</msg>
<status status="PASS" starttime="20221031 16:21:51.116" endtime="20221031 16:21:51.117"/>
</kw>
<kw name="Log" library="BuiltIn">
<arg>O mês de ${JUL.mes}, possui ${JUL.dia} dias</arg>
<doc>Logs the given message with the given level.</doc>
<msg timestamp="20221031 16:21:51.119" level="INFO">O mês de Julho, possui 30 dias</msg>
<status status="PASS" starttime="20221031 16:21:51.118" endtime="20221031 16:21:51.119"/>
</kw>
<kw name="Log" library="BuiltIn">
<arg>O mês de ${AGO.mes}, possui ${AGO.dia} dias</arg>
<doc>Logs the given message with the given level.</doc>
<msg timestamp="20221031 16:21:51.120" level="INFO">O mês de Agosto, possui 31 dias</msg>
<status status="PASS" starttime="20221031 16:21:51.119" endtime="20221031 16:21:51.120"/>
</kw>
<kw name="Log" library="BuiltIn">
<arg>O mês de ${SET.mes}, possui ${SET.dia} dias</arg>
<doc>Logs the given message with the given level.</doc>
<msg timestamp="20221031 16:21:51.121" level="INFO">O mês de Setembro, possui 30 dias</msg>
<status status="PASS" starttime="20221031 16:21:51.120" endtime="20221031 16:21:51.121"/>
</kw>
<kw name="Log" library="BuiltIn">
<arg>O mês de ${OUT.mes}, possui ${OUT.dia} dias</arg>
<doc>Logs the given message with the given level.</doc>
<msg timestamp="20221031 16:21:51.121" level="INFO">O mês de Outubro, possui 31 dias</msg>
<status status="PASS" starttime="20221031 16:21:51.121" endtime="20221031 16:21:51.122"/>
</kw>
<kw name="Log" library="BuiltIn">
<arg>O mês de ${NOV.mes}, possui ${NOV.dia} dias</arg>
<doc>Logs the given message with the given level.</doc>
<msg timestamp="20221031 16:21:51.122" level="INFO">O mês de Novembro, possui 30 dias</msg>
<status status="PASS" starttime="20221031 16:21:51.122" endtime="20221031 16:21:51.122"/>
</kw>
<kw name="Log" library="BuiltIn">
<arg>O mês de ${DEZ.mes}, possui ${DEZ.dia} dias</arg>
<doc>Logs the given message with the given level.</doc>
<msg timestamp="20221031 16:21:51.123" level="INFO">O mês de Dezembro, possui 31 dias</msg>
<status status="PASS" starttime="20221031 16:21:51.122" endtime="20221031 16:21:51.123"/>
</kw>
<status status="PASS" starttime="20221031 16:21:51.111" endtime="20221031 16:21:51.123"/>
</kw>
<status status="PASS" starttime="20221031 16:21:51.110" endtime="20221031 16:21:51.124"/>
</test>
<doc>Praticando variáveis de DICIONARIO</doc>
<status status="PASS" starttime="20221031 16:21:51.091" endtime="20221031 16:21:51.125"/>
</suite>
<statistics>
<total>
<stat pass="1" fail="0" skip="0">All Tests</stat>
</total>
<tag>
</tag>
<suite>
<stat pass="1" fail="0" skip="0" id="s1" name="praticando DICIONARIO">praticando DICIONARIO</stat>
</suite>
</statistics>
<errors>
</errors>
</robot>
