<?xml version="1.0" encoding="UTF-8"?>
<robot generator="Robot 5.0.1 (Python 3.9.9 on win32)" generated="20221020 00:07:09.159" rpa="false" schemaversion="3">
<suite id="s1" name="Desafio1 amazon testes" source="C:\Cursos no GIT\qa-training\Notes UDEMY\ROBOT BASIC\WebTesting\desafio_01\Desafio1_amazon_testes.robot">
<test id="s1-t1" name="Caso de teste 03 - Adicionar Produto no Carrinho" line="10">
<kw name="Abrir o navegador" library="Desafio1_amazon_resources" type="SETUP">
<doc>Essa keyword tem a funcionalidade de abrir o navegador para iniciar os testes</doc>
<kw name="Open Browser" library="SeleniumLibrary">
<arg>browser=chrome</arg>
<doc>Opens a new browser instance to the optional ``url``.</doc>
<msg timestamp="20221020 00:07:09.512" level="INFO">Opening browser 'chrome' to base url 'None'.</msg>
<status status="PASS" starttime="20221020 00:07:09.512" endtime="20221020 00:07:11.249"/>
</kw>
<kw name="Maximize Browser Window" library="SeleniumLibrary">
<doc>Maximizes current browser window.</doc>
<status status="PASS" starttime="20221020 00:07:11.249" endtime="20221020 00:07:11.382"/>
</kw>
<status status="PASS" starttime="20221020 00:07:09.512" endtime="20221020 00:07:11.383"/>
</kw>
<kw name="Dado que estou na home page do site Amazon.com.br" library="Desafio1_amazon_resources">
<doc>Essa keyword tem a funcionalidade de acessar a home page da AMAZON
e aguardar até o componente de PESQUISA ser exibido na tela</doc>
<kw name="Go To" library="SeleniumLibrary">
<arg>${url}</arg>
<doc>Navigates the current browser window to the provided ``url``.</doc>
<msg timestamp="20221020 00:07:11.385" level="INFO">Opening url 'https://amazon.com.br/'</msg>
<status status="PASS" starttime="20221020 00:07:11.385" endtime="20221020 00:07:20.301"/>
</kw>
<kw name="Wait Until Element Is Visible" library="SeleniumLibrary">
<arg>${barra_pesquisa}</arg>
<doc>Waits until the element ``locator`` is visible.</doc>
<status status="PASS" starttime="20221020 00:07:20.302" endtime="20221020 00:07:20.390"/>
</kw>
<status status="PASS" starttime="20221020 00:07:11.384" endtime="20221020 00:07:20.390"/>
</kw>
<kw name="Digitar o nome do produto &quot;Console Xbox Series S&quot; no campo de pesquisa para filtrar" library="Desafio1_amazon_resources" sourcename="Digitar o nome do produto &quot;${nome_produto}&quot; no campo de pesquisa para filtrar">
<doc>Essa keyword tem a funcionalidade de digitar o "nome de um produto" dentro da barra de pesquisas do site
e clicar no botão PESQUISAR para filtrar</doc>
<kw name="Input Text" library="SeleniumLibrary">
<arg>locator=${barra_pesquisa}</arg>
<arg>text=${nome_produto}</arg>
<doc>Types the given ``text`` into the text field identified by ``locator``.</doc>
<msg timestamp="20221020 00:07:20.398" level="INFO">Typing text 'Console Xbox Series S' into text field '//input[@aria-label='Pesquisa']'.</msg>
<status status="PASS" starttime="20221020 00:07:20.396" endtime="20221020 00:07:20.850"/>
</kw>
<kw name="Click Element" library="SeleniumLibrary">
<arg>locator=${botao_pesquisa}</arg>
<doc>Click the element identified by ``locator``.</doc>
<msg timestamp="20221020 00:07:20.852" level="INFO">Clicking element '//input[@value='Ir']'.</msg>
<status status="PASS" starttime="20221020 00:07:20.850" endtime="20221020 00:07:21.033"/>
</kw>
<kw name="Ordenar a pesquisa por média de avalições dos clientes" library="Desafio1_amazon_resources">
<doc>Essa keyword tem a função escolher a ordem de exibição dos itens da pesquisa</doc>
<kw name="Wait Until Element Is Visible" library="SeleniumLibrary">
<arg>locator=${botao_ordem_pesquisa}</arg>
<doc>Waits until the element ``locator`` is visible.</doc>
<status status="PASS" starttime="20221020 00:07:21.034" endtime="20221020 00:07:24.700"/>
</kw>
<kw name="Click Element" library="SeleniumLibrary">
<arg>locator=${botao_ordem_pesquisa}</arg>
<doc>Click the element identified by ``locator``.</doc>
<msg timestamp="20221020 00:07:24.701" level="INFO">Clicking element '//span[@class='a-button-inner']'.</msg>
<status status="PASS" starttime="20221020 00:07:24.700" endtime="20221020 00:07:25.181"/>
</kw>
<kw name="Wait Until Element Is Visible" library="SeleniumLibrary">
<arg>locator=//a[contains(@data-value,'{"stringVal":"review-rank"}')]</arg>
<doc>Waits until the element ``locator`` is visible.</doc>
<status status="PASS" starttime="20221020 00:07:25.181" endtime="20221020 00:07:25.238"/>
</kw>
<kw name="Click Element" library="SeleniumLibrary">
<arg>locator=//a[contains(.,'Méd. Avaliações de clientes')]</arg>
<doc>Click the element identified by ``locator``.</doc>
<msg timestamp="20221020 00:07:25.239" level="INFO">Clicking element '//a[contains(.,'Méd. Avaliações de clientes')]'.</msg>
<status status="PASS" starttime="20221020 00:07:25.238" endtime="20221020 00:07:25.408"/>
</kw>
<status status="PASS" starttime="20221020 00:07:21.034" endtime="20221020 00:07:25.409"/>
</kw>
<status status="PASS" starttime="20221020 00:07:20.395" endtime="20221020 00:07:25.409"/>
</kw>
<kw name="Então o produto &quot;Console Xbox Series S&quot; deve ser apresentado na página" library="Desafio1_amazon_resources" sourcename="Então o produto &quot;${lista_produto}&quot; deve ser apresentado na página">
<doc>Essa keyword tem a funcionalidade verificar se o produto pesquisado está sendo exibido na consulta</doc>
<kw name="Wait Until Element Is Visible" library="SeleniumLibrary">
<arg>locator=${foto_xbox}</arg>
<doc>Waits until the element ``locator`` is visible.</doc>
<status status="PASS" starttime="20221020 00:07:25.410" endtime="20221020 00:07:26.762"/>
</kw>
<status status="PASS" starttime="20221020 00:07:25.410" endtime="20221020 00:07:26.762"/>
</kw>
<kw name="E o produto &quot;Console Xbox Series S&quot; deve ser &quot;adicionado&quot; no carrinho" library="Desafio1_amazon_resources" sourcename="E o produto &quot;${produto}&quot; deve ser &quot;${acao}&quot; no carrinho">
<doc>Essa keyword tem a funcionalidade de ADICIONAR ou REMOVER um determinado "produto" do carrinho</doc>
<kw name="Click Element" library="SeleniumLibrary">
<arg>locator=${foto_xbox}</arg>
<doc>Click the element identified by ``locator``.</doc>
<msg timestamp="20221020 00:07:26.764" level="INFO">Clicking element '//img[contains(@alt,'Console Xbox Series S')]'.</msg>
<status status="PASS" starttime="20221020 00:07:26.763" endtime="20221020 00:07:34.664"/>
</kw>
<kw name="Wait Until Element Is Visible" library="SeleniumLibrary">
<arg>locator=${botao_adicionar}</arg>
<doc>Waits until the element ``locator`` is visible.</doc>
<status status="PASS" starttime="20221020 00:07:34.664" endtime="20221020 00:07:34.742"/>
</kw>
<if>
<branch type="IF" condition="'${acao.upper()}'=='ADICIONADO'">
<kw name="Click Element" library="SeleniumLibrary">
<arg>locator=${botao_adicionar}</arg>
<doc>Click the element identified by ``locator``.</doc>
<msg timestamp="20221020 00:07:34.745" level="INFO">Clicking element '//input[contains(@name,'submit.add-to-cart')]'.</msg>
<status status="PASS" starttime="20221020 00:07:34.744" endtime="20221020 00:07:37.675"/>
</kw>
<kw name="Wait Until Element Is Visible" library="SeleniumLibrary">
<arg>locator=${frase_adicionado}</arg>
<doc>Waits until the element ``locator`` is visible.</doc>
<status status="PASS" starttime="20221020 00:07:37.676" endtime="20221020 00:07:37.729"/>
</kw>
<status status="PASS" starttime="20221020 00:07:34.744" endtime="20221020 00:07:37.729"/>
</branch>
<branch type="ELSE IF" condition="'${acao.upper()}'=='REMOVIDO'">
<kw name="Click Element" library="SeleniumLibrary">
<arg>locator=${botao_remover}</arg>
<doc>Click the element identified by ``locator``.</doc>
<status status="NOT RUN" starttime="20221020 00:07:37.729" endtime="20221020 00:07:37.730"/>
</kw>
<kw name="Wait Until Element Is Visible" library="SeleniumLibrary">
<arg>locator=//span[@class='a-size-base'][contains(.,'Console Xbox Series S</arg>
<arg>Abre em uma nova aba</arg>
<arg>foi removido de Carrinho de compras.')]</arg>
<doc>Waits until the element ``locator`` is visible.</doc>
<status status="NOT RUN" starttime="20221020 00:07:37.730" endtime="20221020 00:07:37.731"/>
</kw>
<status status="NOT RUN" starttime="20221020 00:07:37.729" endtime="20221020 00:07:37.731"/>
</branch>
<status status="PASS" starttime="20221020 00:07:34.742" endtime="20221020 00:07:37.731"/>
</if>
<status status="PASS" starttime="20221020 00:07:26.763" endtime="20221020 00:07:37.731"/>
</kw>
<kw name="Então o produto &quot;Console Xbox Series S&quot; deve ser apresentado dentro do carrinho de compras" library="Desafio1_amazon_resources" sourcename="Então o produto &quot;${produto_carrinho}&quot; deve ser apresentado dentro do carrinho de compras">
<doc>Essa keyword tem a funcionalidade de visualizar o produto dentro do carrinho de compras</doc>
<kw name="Click Element" library="SeleniumLibrary">
<arg>locator=${botao_ir_carrinho}</arg>
<doc>Click the element identified by ``locator``.</doc>
<msg timestamp="20221020 00:07:37.734" level="INFO">Clicking element '//span[@class='a-button a-spacing-top-base a-button-span12 a-button-base'][contains(.,'Ir para o carrinho')]'.</msg>
<status status="PASS" starttime="20221020 00:07:37.733" endtime="20221020 00:07:40.263"/>
</kw>
<kw name="Wait Until Element Is Visible" library="SeleniumLibrary">
<arg>locator=${frase_carrinho_compras}</arg>
<doc>Waits until the element ``locator`` is visible.</doc>
<status status="PASS" starttime="20221020 00:07:40.263" endtime="20221020 00:07:40.362"/>
</kw>
<kw name="Wait Until Element Is Visible" library="SeleniumLibrary">
<arg>locator=${item_carrinho}</arg>
<doc>Waits until the element ``locator`` is visible.</doc>
<status status="PASS" starttime="20221020 00:07:40.363" endtime="20221020 00:07:40.386"/>
</kw>
<status status="PASS" starttime="20221020 00:07:37.732" endtime="20221020 00:07:40.386"/>
</kw>
<kw name="Fechar o navegador" library="Desafio1_amazon_resources" type="TEARDOWN">
<doc>Essa keyword tem a funcionalidade de fechar o navegador para encerrar os testes</doc>
<kw name="Capture Page Screenshot" library="SeleniumLibrary">
<doc>Takes a screenshot of the current page and embeds it into a log file.</doc>
<msg timestamp="20221020 00:07:40.577" level="INFO" html="true">&lt;/td&gt;&lt;/tr&gt;&lt;tr&gt;&lt;td colspan="3"&gt;&lt;a href="selenium-screenshot-1.png"&gt;&lt;img src="selenium-screenshot-1.png" width="800px"&gt;&lt;/a&gt;</msg>
<status status="PASS" starttime="20221020 00:07:40.396" endtime="20221020 00:07:40.577"/>
</kw>
<kw name="Close Browser" library="SeleniumLibrary">
<doc>Closes the current browser.</doc>
<status status="PASS" starttime="20221020 00:07:40.577" endtime="20221020 00:07:43.109"/>
</kw>
<status status="PASS" starttime="20221020 00:07:40.386" endtime="20221020 00:07:43.109"/>
</kw>
<doc>Esse teste verifica a adição de um produto no carrinho de compras</doc>
<tag>adicionar_carrinho</tag>
<status status="PASS" starttime="20221020 00:07:09.512" endtime="20221020 00:07:43.109"/>
</test>
<doc>Essa suite tem como objetivo realizar os testes propostos no DESAFIO 1 do curso,
Onde, os casos de teste 03 e 04 devem ser criados utilizando o site da Amazon.com.br</doc>
<status status="PASS" starttime="20221020 00:07:09.159" endtime="20221020 00:07:43.109"/>
</suite>
<statistics>
<total>
<stat pass="1" fail="0" skip="0">All Tests</stat>
</total>
<tag>
<stat pass="1" fail="0" skip="0">adicionar_carrinho</stat>
</tag>
<suite>
<stat pass="1" fail="0" skip="0" id="s1" name="Desafio1 amazon testes">Desafio1 amazon testes</stat>
</suite>
</statistics>
<errors>
</errors>
</robot>
