<?xml version="1.0" encoding="UTF-8"?>
<robot generator="Robot 5.0.1 (Python 3.9.9 on win32)" generated="20221020 00:52:58.697" rpa="false" schemaversion="3">
<suite id="s1" name="Desafio1 amazon testes" source="C:\Cursos no GIT\qa-training\Notes UDEMY\ROBOT BASIC\WebTesting\desafio_01\Desafio1_amazon_testes.robot">
<test id="s1-t1" name="Caso de teste 04 - Remover Produto do Carrinho" line="19">
<kw name="Abrir o navegador" library="Desafio1_amazon_resources" type="SETUP">
<doc>Essa keyword tem a funcionalidade de abrir o navegador para iniciar os testes</doc>
<kw name="Open Browser" library="SeleniumLibrary">
<arg>browser=chrome</arg>
<doc>Opens a new browser instance to the optional ``url``.</doc>
<msg timestamp="20221020 00:52:59.049" level="INFO">Opening browser 'chrome' to base url 'None'.</msg>
<status status="PASS" starttime="20221020 00:52:59.049" endtime="20221020 00:53:00.872"/>
</kw>
<kw name="Maximize Browser Window" library="SeleniumLibrary">
<doc>Maximizes current browser window.</doc>
<status status="PASS" starttime="20221020 00:53:00.872" endtime="20221020 00:53:01.022"/>
</kw>
<status status="PASS" starttime="20221020 00:52:59.049" endtime="20221020 00:53:01.023"/>
</kw>
<kw name="Dado que estou na home page do site Amazon.com.br" library="Desafio1_amazon_resources">
<doc>Essa keyword tem a funcionalidade de acessar a home page da AMAZON
e aguardar até o componente de PESQUISA ser exibido na tela</doc>
<kw name="Go To" library="SeleniumLibrary">
<arg>${url}</arg>
<doc>Navigates the current browser window to the provided ``url``.</doc>
<msg timestamp="20221020 00:53:01.027" level="INFO">Opening url 'https://amazon.com.br/'</msg>
<status status="PASS" starttime="20221020 00:53:01.026" endtime="20221020 00:53:13.039"/>
</kw>
<kw name="Wait Until Element Is Visible" library="SeleniumLibrary">
<arg>${barra_pesquisa}</arg>
<doc>Waits until the element ``locator`` is visible.</doc>
<status status="PASS" starttime="20221020 00:53:13.040" endtime="20221020 00:53:13.111"/>
</kw>
<status status="PASS" starttime="20221020 00:53:01.025" endtime="20221020 00:53:13.111"/>
</kw>
<kw name="Digitar o nome do produto &quot;Console Xbox Series S&quot; no campo de pesquisa para filtrar" library="Desafio1_amazon_resources" sourcename="Digitar o nome do produto &quot;${nome_produto}&quot; no campo de pesquisa para filtrar">
<doc>Essa keyword tem a funcionalidade de digitar o "nome de um produto" dentro da barra de pesquisas do site
e clicar no botão PESQUISAR para filtrar</doc>
<kw name="Input Text" library="SeleniumLibrary">
<arg>locator=${barra_pesquisa}</arg>
<arg>text=${nome_produto}</arg>
<doc>Types the given ``text`` into the text field identified by ``locator``.</doc>
<msg timestamp="20221020 00:53:13.115" level="INFO">Typing text 'Console Xbox Series S' into text field '//input[@aria-label='Pesquisa']'.</msg>
<status status="PASS" starttime="20221020 00:53:13.113" endtime="20221020 00:53:13.496"/>
</kw>
<kw name="Click Element" library="SeleniumLibrary">
<arg>locator=${botao_pesquisa}</arg>
<doc>Click the element identified by ``locator``.</doc>
<msg timestamp="20221020 00:53:13.497" level="INFO">Clicking element '//input[@value='Ir']'.</msg>
<status status="PASS" starttime="20221020 00:53:13.496" endtime="20221020 00:53:13.677"/>
</kw>
<kw name="Ordenar a pesquisa por média de avalições dos clientes" library="Desafio1_amazon_resources">
<doc>Essa keyword tem a função escolher a ordem de exibição dos itens da pesquisa</doc>
<kw name="Wait Until Element Is Visible" library="SeleniumLibrary">
<arg>locator=${botao_ordem_pesquisa}</arg>
<doc>Waits until the element ``locator`` is visible.</doc>
<status status="PASS" starttime="20221020 00:53:13.678" endtime="20221020 00:53:17.521"/>
</kw>
<kw name="Click Element" library="SeleniumLibrary">
<arg>locator=${botao_ordem_pesquisa}</arg>
<doc>Click the element identified by ``locator``.</doc>
<msg timestamp="20221020 00:53:17.522" level="INFO">Clicking element 'a-autoid-0-announce'.</msg>
<status status="PASS" starttime="20221020 00:53:17.521" endtime="20221020 00:53:17.600"/>
</kw>
<kw name="Wait Until Element Is Visible" library="SeleniumLibrary">
<arg>locator=${ordem_media}</arg>
<doc>Waits until the element ``locator`` is visible.</doc>
<status status="PASS" starttime="20221020 00:53:17.600" endtime="20221020 00:53:17.653"/>
</kw>
<kw name="Click Element" library="SeleniumLibrary">
<arg>locator=${ordem_media}</arg>
<doc>Click the element identified by ``locator``.</doc>
<msg timestamp="20221020 00:53:17.654" level="INFO">Clicking element '//a[contains(.,'Méd. Avaliações de clientes')]'.</msg>
<status status="PASS" starttime="20221020 00:53:17.653" endtime="20221020 00:53:17.780"/>
</kw>
<status status="PASS" starttime="20221020 00:53:13.677" endtime="20221020 00:53:17.781"/>
</kw>
<status status="PASS" starttime="20221020 00:53:13.112" endtime="20221020 00:53:17.781"/>
</kw>
<kw name="Então o produto &quot;Console Xbox Series S&quot; deve ser apresentado na página" library="Desafio1_amazon_resources" sourcename="Então o produto &quot;${lista_produto}&quot; deve ser apresentado na página">
<doc>Essa keyword tem a funcionalidade verificar se o produto pesquisado está sendo exibido na consulta</doc>
<kw name="Wait Until Element Is Visible" library="SeleniumLibrary">
<arg>locator=${foto_xbox}</arg>
<doc>Waits until the element ``locator`` is visible.</doc>
<status status="PASS" starttime="20221020 00:53:17.782" endtime="20221020 00:53:19.248"/>
</kw>
<status status="PASS" starttime="20221020 00:53:17.781" endtime="20221020 00:53:19.249"/>
</kw>
<kw name="E o produto &quot;Console Xbox Series S&quot; deve ser &quot;adicionado&quot; no carrinho" library="Desafio1_amazon_resources" sourcename="E o produto &quot;${produto}&quot; deve ser &quot;${acao}&quot; no carrinho">
<doc>Essa keyword tem a funcionalidade de ADICIONAR ou REMOVER um determinado "produto" do carrinho</doc>
<if>
<branch type="IF" condition="'${acao.upper()}'=='ADICIONADO'">
<kw name="Click Element" library="SeleniumLibrary">
<arg>locator=${foto_xbox}</arg>
<doc>Click the element identified by ``locator``.</doc>
<msg timestamp="20221020 00:53:19.264" level="INFO">Clicking element '//img[contains(@alt,'Console Xbox Series S')]'.</msg>
<status status="PASS" starttime="20221020 00:53:19.263" endtime="20221020 00:53:25.227"/>
</kw>
<kw name="Wait Until Element Is Visible" library="SeleniumLibrary">
<arg>locator=${botao_adicionar}</arg>
<doc>Waits until the element ``locator`` is visible.</doc>
<status status="PASS" starttime="20221020 00:53:25.227" endtime="20221020 00:53:25.305"/>
</kw>
<kw name="Click Element" library="SeleniumLibrary">
<arg>locator=${botao_adicionar}</arg>
<doc>Click the element identified by ``locator``.</doc>
<msg timestamp="20221020 00:53:25.307" level="INFO">Clicking element '//input[contains(@name,'submit.add-to-cart')]'.</msg>
<status status="PASS" starttime="20221020 00:53:25.305" endtime="20221020 00:53:27.169"/>
</kw>
<kw name="Wait Until Element Is Visible" library="SeleniumLibrary">
<arg>locator=${frase_adicionado}</arg>
<doc>Waits until the element ``locator`` is visible.</doc>
<status status="PASS" starttime="20221020 00:53:27.169" endtime="20221020 00:53:27.287"/>
</kw>
<status status="PASS" starttime="20221020 00:53:19.263" endtime="20221020 00:53:27.287"/>
</branch>
<branch type="ELSE IF" condition="'${acao.upper()}'=='REMOVIDO'">
<kw name="Wait Until Element Is Visible" library="SeleniumLibrary">
<arg>locator=${botao_remover}</arg>
<doc>Waits until the element ``locator`` is visible.</doc>
<status status="NOT RUN" starttime="20221020 00:53:27.288" endtime="20221020 00:53:27.288"/>
</kw>
<kw name="Click Element" library="SeleniumLibrary">
<arg>locator=${botao_remover}</arg>
<doc>Click the element identified by ``locator``.</doc>
<status status="NOT RUN" starttime="20221020 00:53:27.288" endtime="20221020 00:53:27.289"/>
</kw>
<status status="NOT RUN" starttime="20221020 00:53:27.288" endtime="20221020 00:53:27.289"/>
</branch>
<status status="PASS" starttime="20221020 00:53:19.251" endtime="20221020 00:53:27.289"/>
</if>
<status status="PASS" starttime="20221020 00:53:19.250" endtime="20221020 00:53:27.289"/>
</kw>
<kw name="Então o produto &quot;Console Xbox Series S&quot; deve ser apresentado dentro do carrinho de compras" library="Desafio1_amazon_resources" sourcename="Então o produto &quot;${produto_carrinho}&quot; deve ser apresentado dentro do carrinho de compras">
<doc>Essa keyword tem a funcionalidade de visualizar o produto dentro do carrinho de compras</doc>
<kw name="Click Element" library="SeleniumLibrary">
<arg>locator=${botao_ir_carrinho}</arg>
<doc>Click the element identified by ``locator``.</doc>
<msg timestamp="20221020 00:53:27.292" level="INFO">Clicking element '//span[@class='a-button a-spacing-top-base a-button-span12 a-button-base'][contains(.,'Ir para o carrinho')]'.</msg>
<status status="PASS" starttime="20221020 00:53:27.291" endtime="20221020 00:53:30.353"/>
</kw>
<kw name="Wait Until Element Is Visible" library="SeleniumLibrary">
<arg>locator=${frase_carrinho_compras}</arg>
<doc>Waits until the element ``locator`` is visible.</doc>
<status status="PASS" starttime="20221020 00:53:30.354" endtime="20221020 00:53:30.507"/>
</kw>
<kw name="Wait Until Element Is Visible" library="SeleniumLibrary">
<arg>locator=${item_carrinho}</arg>
<doc>Waits until the element ``locator`` is visible.</doc>
<status status="PASS" starttime="20221020 00:53:30.507" endtime="20221020 00:53:30.552"/>
</kw>
<status status="PASS" starttime="20221020 00:53:27.290" endtime="20221020 00:53:30.552"/>
</kw>
<kw name="E o produto &quot;Console Xbox Series S&quot; deve ser &quot;removido&quot; no carrinho" library="Desafio1_amazon_resources" sourcename="E o produto &quot;${produto}&quot; deve ser &quot;${acao}&quot; no carrinho">
<doc>Essa keyword tem a funcionalidade de ADICIONAR ou REMOVER um determinado "produto" do carrinho</doc>
<if>
<branch type="IF" condition="'${acao.upper()}'=='ADICIONADO'">
<kw name="Click Element" library="SeleniumLibrary">
<arg>locator=${foto_xbox}</arg>
<doc>Click the element identified by ``locator``.</doc>
<status status="NOT RUN" starttime="20221020 00:53:30.555" endtime="20221020 00:53:30.555"/>
</kw>
<kw name="Wait Until Element Is Visible" library="SeleniumLibrary">
<arg>locator=${botao_adicionar}</arg>
<doc>Waits until the element ``locator`` is visible.</doc>
<status status="NOT RUN" starttime="20221020 00:53:30.555" endtime="20221020 00:53:30.555"/>
</kw>
<kw name="Click Element" library="SeleniumLibrary">
<arg>locator=${botao_adicionar}</arg>
<doc>Click the element identified by ``locator``.</doc>
<status status="NOT RUN" starttime="20221020 00:53:30.556" endtime="20221020 00:53:30.556"/>
</kw>
<kw name="Wait Until Element Is Visible" library="SeleniumLibrary">
<arg>locator=${frase_adicionado}</arg>
<doc>Waits until the element ``locator`` is visible.</doc>
<status status="NOT RUN" starttime="20221020 00:53:30.556" endtime="20221020 00:53:30.556"/>
</kw>
<status status="NOT RUN" starttime="20221020 00:53:30.555" endtime="20221020 00:53:30.556"/>
</branch>
<branch type="ELSE IF" condition="'${acao.upper()}'=='REMOVIDO'">
<kw name="Wait Until Element Is Visible" library="SeleniumLibrary">
<arg>locator=${botao_remover}</arg>
<doc>Waits until the element ``locator`` is visible.</doc>
<status status="PASS" starttime="20221020 00:53:30.558" endtime="20221020 00:53:30.584"/>
</kw>
<kw name="Click Element" library="SeleniumLibrary">
<arg>locator=${botao_remover}</arg>
<doc>Click the element identified by ``locator``.</doc>
<msg timestamp="20221020 00:53:30.585" level="INFO">Clicking element '//input[@value='Excluir']'.</msg>
<status status="PASS" starttime="20221020 00:53:30.584" endtime="20221020 00:53:30.788"/>
</kw>
<status status="PASS" starttime="20221020 00:53:30.557" endtime="20221020 00:53:30.788"/>
</branch>
<status status="PASS" starttime="20221020 00:53:30.553" endtime="20221020 00:53:30.788"/>
</if>
<status status="PASS" starttime="20221020 00:53:30.553" endtime="20221020 00:53:30.789"/>
</kw>
<kw name="Então o carrinho de compras deve ser apresentado vazio" library="Desafio1_amazon_resources">
<doc>Essa keyword tem a funcionalidade de exibir o carrinho de compras VAZIO</doc>
<kw name="Wait Until Element Is Visible" library="SeleniumLibrary">
<arg>locator=${carrinho_vazio}</arg>
<doc>Waits until the element ``locator`` is visible.</doc>
<status status="PASS" starttime="20221020 00:53:30.790" endtime="20221020 00:53:31.522"/>
</kw>
<kw name="Log To Console" library="BuiltIn">
<arg>${carrinho_subtotal}</arg>
<doc>Logs the given message to the console.</doc>
<status status="PASS" starttime="20221020 00:53:31.522" endtime="20221020 00:53:31.523"/>
</kw>
<status status="PASS" starttime="20221020 00:53:30.790" endtime="20221020 00:53:31.523"/>
</kw>
<kw name="Fechar o navegador" library="Desafio1_amazon_resources" type="TEARDOWN">
<doc>Essa keyword tem a funcionalidade de fechar o navegador para encerrar os testes</doc>
<kw name="Capture Page Screenshot" library="SeleniumLibrary">
<doc>Takes a screenshot of the current page and embeds it into a log file.</doc>
<msg timestamp="20221020 00:53:31.698" level="INFO" html="true">&lt;/td&gt;&lt;/tr&gt;&lt;tr&gt;&lt;td colspan="3"&gt;&lt;a href="selenium-screenshot-7.png"&gt;&lt;img src="selenium-screenshot-7.png" width="800px"&gt;&lt;/a&gt;</msg>
<status status="PASS" starttime="20221020 00:53:31.524" endtime="20221020 00:53:31.698"/>
</kw>
<kw name="Close Browser" library="SeleniumLibrary">
<doc>Closes the current browser.</doc>
<status status="PASS" starttime="20221020 00:53:31.698" endtime="20221020 00:53:34.241"/>
</kw>
<status status="PASS" starttime="20221020 00:53:31.524" endtime="20221020 00:53:34.241"/>
</kw>
<doc>Esse teste verifica a remoção de um produto do carrinho de compras</doc>
<tag>remover_carrinho</tag>
<status status="PASS" starttime="20221020 00:52:59.049" endtime="20221020 00:53:34.241"/>
</test>
<doc>Essa suite tem como objetivo realizar os testes propostos no DESAFIO 1 do curso,
Onde, os casos de teste 03 e 04 devem ser criados utilizando o site da Amazon.com.br</doc>
<status status="PASS" starttime="20221020 00:52:58.697" endtime="20221020 00:53:34.241"/>
</suite>
<statistics>
<total>
<stat pass="1" fail="0" skip="0">All Tests</stat>
</total>
<tag>
<stat pass="1" fail="0" skip="0">remover_carrinho</stat>
</tag>
<suite>
<stat pass="1" fail="0" skip="0" id="s1" name="Desafio1 amazon testes">Desafio1 amazon testes</stat>
</suite>
</statistics>
<errors>
</errors>
</robot>
