<?xml version="1.0" encoding="UTF-8"?>
<robot generator="Robot 6.0 (Python 3.7.0 on win32)" generated="20221031 19:03:35.316" rpa="false" schemaversion="3">
<suite id="s1" name="praticandoLoop" source="G:\My Drive\Cursos\Notes UDEMY\Robot_BASIC\0.Codes example\Loops\praticandoLoop.robot">
<test id="s1-t1" name="Teste com looping" line="8">
<kw name="Usando looping keyword">
<for flavor="IN">
<var>${numero_selecionado}</var>
<value>@{numeros}</value>
<iter>
<var name="${numero_selecionado}">1</var>
<if>
<branch type="IF" condition="${numero_selecionado} == 10">
<kw name="Log To Console" library="BuiltIn">
<arg>Eu sou o número 10</arg>
<doc>Logs the given message to the console.</doc>
<status status="NOT RUN" starttime="20221031 19:03:35.342" endtime="20221031 19:03:35.342"/>
</kw>
<status status="NOT RUN" starttime="20221031 19:03:35.342" endtime="20221031 19:03:35.342"/>
</branch>
<branch type="ELSE IF" condition="${numero_selecionado} == 5">
<kw name="Log To Console" library="BuiltIn">
<arg>Eu sou o número 5</arg>
<doc>Logs the given message to the console.</doc>
<status status="NOT RUN" starttime="20221031 19:03:35.343" endtime="20221031 19:03:35.343"/>
</kw>
<status status="NOT RUN" starttime="20221031 19:03:35.343" endtime="20221031 19:03:35.343"/>
</branch>
<branch type="ELSE">
<kw name="Log To Console" library="BuiltIn">
<arg>Eu não sou o número 5 e nem o número 10</arg>
<doc>Logs the given message to the console.</doc>
<status status="PASS" starttime="20221031 19:03:35.343" endtime="20221031 19:03:35.343"/>
</kw>
<status status="PASS" starttime="20221031 19:03:35.343" endtime="20221031 19:03:35.343"/>
</branch>
<status status="PASS" starttime="20221031 19:03:35.342" endtime="20221031 19:03:35.343"/>
</if>
<status status="PASS" starttime="20221031 19:03:35.342" endtime="20221031 19:03:35.343"/>
</iter>
<iter>
<var name="${numero_selecionado}">2</var>
<if>
<branch type="IF" condition="${numero_selecionado} == 10">
<kw name="Log To Console" library="BuiltIn">
<arg>Eu sou o número 10</arg>
<doc>Logs the given message to the console.</doc>
<status status="NOT RUN" starttime="20221031 19:03:35.344" endtime="20221031 19:03:35.344"/>
</kw>
<status status="NOT RUN" starttime="20221031 19:03:35.343" endtime="20221031 19:03:35.344"/>
</branch>
<branch type="ELSE IF" condition="${numero_selecionado} == 5">
<kw name="Log To Console" library="BuiltIn">
<arg>Eu sou o número 5</arg>
<doc>Logs the given message to the console.</doc>
<status status="NOT RUN" starttime="20221031 19:03:35.344" endtime="20221031 19:03:35.344"/>
</kw>
<status status="NOT RUN" starttime="20221031 19:03:35.344" endtime="20221031 19:03:35.344"/>
</branch>
<branch type="ELSE">
<kw name="Log To Console" library="BuiltIn">
<arg>Eu não sou o número 5 e nem o número 10</arg>
<doc>Logs the given message to the console.</doc>
<status status="PASS" starttime="20221031 19:03:35.344" endtime="20221031 19:03:35.344"/>
</kw>
<status status="PASS" starttime="20221031 19:03:35.344" endtime="20221031 19:03:35.344"/>
</branch>
<status status="PASS" starttime="20221031 19:03:35.343" endtime="20221031 19:03:35.345"/>
</if>
<status status="PASS" starttime="20221031 19:03:35.343" endtime="20221031 19:03:35.345"/>
</iter>
<iter>
<var name="${numero_selecionado}">3</var>
<if>
<branch type="IF" condition="${numero_selecionado} == 10">
<kw name="Log To Console" library="BuiltIn">
<arg>Eu sou o número 10</arg>
<doc>Logs the given message to the console.</doc>
<status status="NOT RUN" starttime="20221031 19:03:35.345" endtime="20221031 19:03:35.345"/>
</kw>
<status status="NOT RUN" starttime="20221031 19:03:35.345" endtime="20221031 19:03:35.345"/>
</branch>
<branch type="ELSE IF" condition="${numero_selecionado} == 5">
<kw name="Log To Console" library="BuiltIn">
<arg>Eu sou o número 5</arg>
<doc>Logs the given message to the console.</doc>
<status status="NOT RUN" starttime="20221031 19:03:35.345" endtime="20221031 19:03:35.345"/>
</kw>
<status status="NOT RUN" starttime="20221031 19:03:35.345" endtime="20221031 19:03:35.345"/>
</branch>
<branch type="ELSE">
<kw name="Log To Console" library="BuiltIn">
<arg>Eu não sou o número 5 e nem o número 10</arg>
<doc>Logs the given message to the console.</doc>
<status status="PASS" starttime="20221031 19:03:35.345" endtime="20221031 19:03:35.346"/>
</kw>
<status status="PASS" starttime="20221031 19:03:35.345" endtime="20221031 19:03:35.346"/>
</branch>
<status status="PASS" starttime="20221031 19:03:35.345" endtime="20221031 19:03:35.346"/>
</if>
<status status="PASS" starttime="20221031 19:03:35.345" endtime="20221031 19:03:35.346"/>
</iter>
<iter>
<var name="${numero_selecionado}">4</var>
<if>
<branch type="IF" condition="${numero_selecionado} == 10">
<kw name="Log To Console" library="BuiltIn">
<arg>Eu sou o número 10</arg>
<doc>Logs the given message to the console.</doc>
<status status="NOT RUN" starttime="20221031 19:03:35.346" endtime="20221031 19:03:35.346"/>
</kw>
<status status="NOT RUN" starttime="20221031 19:03:35.346" endtime="20221031 19:03:35.346"/>
</branch>
<branch type="ELSE IF" condition="${numero_selecionado} == 5">
<kw name="Log To Console" library="BuiltIn">
<arg>Eu sou o número 5</arg>
<doc>Logs the given message to the console.</doc>
<status status="NOT RUN" starttime="20221031 19:03:35.346" endtime="20221031 19:03:35.346"/>
</kw>
<status status="NOT RUN" starttime="20221031 19:03:35.346" endtime="20221031 19:03:35.346"/>
</branch>
<branch type="ELSE">
<kw name="Log To Console" library="BuiltIn">
<arg>Eu não sou o número 5 e nem o número 10</arg>
<doc>Logs the given message to the console.</doc>
<status status="PASS" starttime="20221031 19:03:35.346" endtime="20221031 19:03:35.347"/>
</kw>
<status status="PASS" starttime="20221031 19:03:35.346" endtime="20221031 19:03:35.347"/>
</branch>
<status status="PASS" starttime="20221031 19:03:35.346" endtime="20221031 19:03:35.347"/>
</if>
<status status="PASS" starttime="20221031 19:03:35.346" endtime="20221031 19:03:35.347"/>
</iter>
<iter>
<var name="${numero_selecionado}">5</var>
<if>
<branch type="IF" condition="${numero_selecionado} == 10">
<kw name="Log To Console" library="BuiltIn">
<arg>Eu sou o número 10</arg>
<doc>Logs the given message to the console.</doc>
<status status="NOT RUN" starttime="20221031 19:03:35.347" endtime="20221031 19:03:35.347"/>
</kw>
<status status="NOT RUN" starttime="20221031 19:03:35.347" endtime="20221031 19:03:35.347"/>
</branch>
<branch type="ELSE IF" condition="${numero_selecionado} == 5">
<kw name="Log To Console" library="BuiltIn">
<arg>Eu sou o número 5</arg>
<doc>Logs the given message to the console.</doc>
<status status="PASS" starttime="20221031 19:03:35.348" endtime="20221031 19:03:35.348"/>
</kw>
<status status="PASS" starttime="20221031 19:03:35.347" endtime="20221031 19:03:35.348"/>
</branch>
<branch type="ELSE">
<kw name="Log To Console" library="BuiltIn">
<arg>Eu não sou o número 5 e nem o número 10</arg>
<doc>Logs the given message to the console.</doc>
<status status="NOT RUN" starttime="20221031 19:03:35.348" endtime="20221031 19:03:35.348"/>
</kw>
<status status="NOT RUN" starttime="20221031 19:03:35.348" endtime="20221031 19:03:35.348"/>
</branch>
<status status="PASS" starttime="20221031 19:03:35.347" endtime="20221031 19:03:35.348"/>
</if>
<status status="PASS" starttime="20221031 19:03:35.347" endtime="20221031 19:03:35.348"/>
</iter>
<iter>
<var name="${numero_selecionado}">6</var>
<if>
<branch type="IF" condition="${numero_selecionado} == 10">
<kw name="Log To Console" library="BuiltIn">
<arg>Eu sou o número 10</arg>
<doc>Logs the given message to the console.</doc>
<status status="NOT RUN" starttime="20221031 19:03:35.348" endtime="20221031 19:03:35.348"/>
</kw>
<status status="NOT RUN" starttime="20221031 19:03:35.348" endtime="20221031 19:03:35.349"/>
</branch>
<branch type="ELSE IF" condition="${numero_selecionado} == 5">
<kw name="Log To Console" library="BuiltIn">
<arg>Eu sou o número 5</arg>
<doc>Logs the given message to the console.</doc>
<status status="NOT RUN" starttime="20221031 19:03:35.349" endtime="20221031 19:03:35.350"/>
</kw>
<status status="NOT RUN" starttime="20221031 19:03:35.349" endtime="20221031 19:03:35.350"/>
</branch>
<branch type="ELSE">
<kw name="Log To Console" library="BuiltIn">
<arg>Eu não sou o número 5 e nem o número 10</arg>
<doc>Logs the given message to the console.</doc>
<status status="PASS" starttime="20221031 19:03:35.350" endtime="20221031 19:03:35.351"/>
</kw>
<status status="PASS" starttime="20221031 19:03:35.350" endtime="20221031 19:03:35.351"/>
</branch>
<status status="PASS" starttime="20221031 19:03:35.348" endtime="20221031 19:03:35.351"/>
</if>
<status status="PASS" starttime="20221031 19:03:35.348" endtime="20221031 19:03:35.351"/>
</iter>
<iter>
<var name="${numero_selecionado}">7</var>
<if>
<branch type="IF" condition="${numero_selecionado} == 10">
<kw name="Log To Console" library="BuiltIn">
<arg>Eu sou o número 10</arg>
<doc>Logs the given message to the console.</doc>
<status status="NOT RUN" starttime="20221031 19:03:35.351" endtime="20221031 19:03:35.351"/>
</kw>
<status status="NOT RUN" starttime="20221031 19:03:35.351" endtime="20221031 19:03:35.351"/>
</branch>
<branch type="ELSE IF" condition="${numero_selecionado} == 5">
<kw name="Log To Console" library="BuiltIn">
<arg>Eu sou o número 5</arg>
<doc>Logs the given message to the console.</doc>
<status status="NOT RUN" starttime="20221031 19:03:35.351" endtime="20221031 19:03:35.351"/>
</kw>
<status status="NOT RUN" starttime="20221031 19:03:35.351" endtime="20221031 19:03:35.351"/>
</branch>
<branch type="ELSE">
<kw name="Log To Console" library="BuiltIn">
<arg>Eu não sou o número 5 e nem o número 10</arg>
<doc>Logs the given message to the console.</doc>
<status status="PASS" starttime="20221031 19:03:35.352" endtime="20221031 19:03:35.352"/>
</kw>
<status status="PASS" starttime="20221031 19:03:35.351" endtime="20221031 19:03:35.352"/>
</branch>
<status status="PASS" starttime="20221031 19:03:35.351" endtime="20221031 19:03:35.352"/>
</if>
<status status="PASS" starttime="20221031 19:03:35.351" endtime="20221031 19:03:35.352"/>
</iter>
<iter>
<var name="${numero_selecionado}">8</var>
<if>
<branch type="IF" condition="${numero_selecionado} == 10">
<kw name="Log To Console" library="BuiltIn">
<arg>Eu sou o número 10</arg>
<doc>Logs the given message to the console.</doc>
<status status="NOT RUN" starttime="20221031 19:03:35.352" endtime="20221031 19:03:35.352"/>
</kw>
<status status="NOT RUN" starttime="20221031 19:03:35.352" endtime="20221031 19:03:35.352"/>
</branch>
<branch type="ELSE IF" condition="${numero_selecionado} == 5">
<kw name="Log To Console" library="BuiltIn">
<arg>Eu sou o número 5</arg>
<doc>Logs the given message to the console.</doc>
<status status="NOT RUN" starttime="20221031 19:03:35.353" endtime="20221031 19:03:35.353"/>
</kw>
<status status="NOT RUN" starttime="20221031 19:03:35.352" endtime="20221031 19:03:35.353"/>
</branch>
<branch type="ELSE">
<kw name="Log To Console" library="BuiltIn">
<arg>Eu não sou o número 5 e nem o número 10</arg>
<doc>Logs the given message to the console.</doc>
<status status="PASS" starttime="20221031 19:03:35.353" endtime="20221031 19:03:35.353"/>
</kw>
<status status="PASS" starttime="20221031 19:03:35.353" endtime="20221031 19:03:35.353"/>
</branch>
<status status="PASS" starttime="20221031 19:03:35.352" endtime="20221031 19:03:35.353"/>
</if>
<status status="PASS" starttime="20221031 19:03:35.352" endtime="20221031 19:03:35.353"/>
</iter>
<iter>
<var name="${numero_selecionado}">9</var>
<if>
<branch type="IF" condition="${numero_selecionado} == 10">
<kw name="Log To Console" library="BuiltIn">
<arg>Eu sou o número 10</arg>
<doc>Logs the given message to the console.</doc>
<status status="NOT RUN" starttime="20221031 19:03:35.353" endtime="20221031 19:03:35.353"/>
</kw>
<status status="NOT RUN" starttime="20221031 19:03:35.353" endtime="20221031 19:03:35.354"/>
</branch>
<branch type="ELSE IF" condition="${numero_selecionado} == 5">
<kw name="Log To Console" library="BuiltIn">
<arg>Eu sou o número 5</arg>
<doc>Logs the given message to the console.</doc>
<status status="NOT RUN" starttime="20221031 19:03:35.354" endtime="20221031 19:03:35.354"/>
</kw>
<status status="NOT RUN" starttime="20221031 19:03:35.354" endtime="20221031 19:03:35.354"/>
</branch>
<branch type="ELSE">
<kw name="Log To Console" library="BuiltIn">
<arg>Eu não sou o número 5 e nem o número 10</arg>
<doc>Logs the given message to the console.</doc>
<status status="PASS" starttime="20221031 19:03:35.354" endtime="20221031 19:03:35.354"/>
</kw>
<status status="PASS" starttime="20221031 19:03:35.354" endtime="20221031 19:03:35.354"/>
</branch>
<status status="PASS" starttime="20221031 19:03:35.353" endtime="20221031 19:03:35.354"/>
</if>
<status status="PASS" starttime="20221031 19:03:35.353" endtime="20221031 19:03:35.355"/>
</iter>
<iter>
<var name="${numero_selecionado}">10</var>
<if>
<branch type="IF" condition="${numero_selecionado} == 10">
<kw name="Log To Console" library="BuiltIn">
<arg>Eu sou o número 10</arg>
<doc>Logs the given message to the console.</doc>
<status status="PASS" starttime="20221031 19:03:35.355" endtime="20221031 19:03:35.356"/>
</kw>
<status status="PASS" starttime="20221031 19:03:35.355" endtime="20221031 19:03:35.356"/>
</branch>
<branch type="ELSE IF" condition="${numero_selecionado} == 5">
<kw name="Log To Console" library="BuiltIn">
<arg>Eu sou o número 5</arg>
<doc>Logs the given message to the console.</doc>
<status status="NOT RUN" starttime="20221031 19:03:35.356" endtime="20221031 19:03:35.356"/>
</kw>
<status status="NOT RUN" starttime="20221031 19:03:35.356" endtime="20221031 19:03:35.356"/>
</branch>
<branch type="ELSE">
<kw name="Log To Console" library="BuiltIn">
<arg>Eu não sou o número 5 e nem o número 10</arg>
<doc>Logs the given message to the console.</doc>
<status status="NOT RUN" starttime="20221031 19:03:35.356" endtime="20221031 19:03:35.356"/>
</kw>
<status status="NOT RUN" starttime="20221031 19:03:35.356" endtime="20221031 19:03:35.356"/>
</branch>
<status status="PASS" starttime="20221031 19:03:35.355" endtime="20221031 19:03:35.356"/>
</if>
<status status="PASS" starttime="20221031 19:03:35.355" endtime="20221031 19:03:35.356"/>
</iter>
<status status="PASS" starttime="20221031 19:03:35.342" endtime="20221031 19:03:35.356"/>
</for>
<status status="PASS" starttime="20221031 19:03:35.342" endtime="20221031 19:03:35.356"/>
</kw>
<status status="PASS" starttime="20221031 19:03:35.342" endtime="20221031 19:03:35.357"/>
</test>
<doc>Praticando as formas de loop</doc>
<status status="PASS" starttime="20221031 19:03:35.319" endtime="20221031 19:03:35.358"/>
</suite>
<statistics>
<total>
<stat pass="1" fail="0" skip="0">All Tests</stat>
</total>
<tag>
</tag>
<suite>
<stat pass="1" fail="0" skip="0" id="s1" name="praticandoLoop">praticandoLoop</stat>
</suite>
</statistics>
<errors>
</errors>
</robot>
