<?xml version="1.0" encoding="UTF-8"?>
<robot generator="Robot 5.0 (Python 3.9.9 on win32)" generated="20220506 09:37:45.625" rpa="false" schemaversion="3">
<suite id="s1" name="Tests" source="C:\QANinja\buger-eats-partner-api-testes\tests">
<suite id="s1-s1" name="Delete" source="C:\QANinja\buger-eats-partner-api-testes\tests\delete.robot">
<test id="s1-s1-t1" name="Should Remove a Partner" line="7">
<kw name="Factory Remove Partner" library="partner">
<var>${partner}</var>
<msg timestamp="20220506 09:37:46.310" level="INFO">${partner} = {'name': 'Removendo', 'email': 'removendo@papito.com.br', 'whatsapp': '12999997777', 'business': 'Restaurante'}</msg>
<status status="PASS" starttime="20220506 09:37:46.310" endtime="20220506 09:37:46.310"/>
</kw>
<kw name="Create a new partner" library="helpers">
<var>${partner_id}</var>
<arg>${partner}</arg>
<kw name="Remove Partner By name" library="database">
<arg>${partner}[name]</arg>
<kw name="Create Dictionary" library="BuiltIn">
<var>${filter}</var>
<arg>name=${partner_name}</arg>
<doc>Creates and returns a dictionary based on the given ``items``.</doc>
<msg timestamp="20220506 09:37:46.313" level="INFO">${filter} = {'name': 'Removendo'}</msg>
<status status="PASS" starttime="20220506 09:37:46.313" endtime="20220506 09:37:46.313"/>
</kw>
<kw name="Delete One" library="RobotMongoDBLibrary.Delete">
<arg>${MONGO_URI}</arg>
<arg>${filter}</arg>
<status status="PASS" starttime="20220506 09:37:46.313" endtime="20220506 09:37:48.038"/>
</kw>
<status status="PASS" starttime="20220506 09:37:46.311" endtime="20220506 09:37:48.038"/>
</kw>
<kw name="POST Partner" library="services">
<var>${response}</var>
<arg>${partner}</arg>
<kw name="POST" library="RequestsLibrary">
<var>${response}</var>
<arg>${BASE_URL}</arg>
<arg>json=${payload}</arg>
<arg>headers=${HEADERS}</arg>
<arg>expected_status=any</arg>
<doc>Sends a POST request.</doc>
<msg timestamp="20220506 09:37:48.264" level="INFO">POST Request : url=http://localhost:3333/partners 
 path_url=/partners 
 headers={'User-Agent': 'python-requests/2.27.1', 'Accept-Encoding': 'gzip, deflate', 'Accept': '*/*', 'Connection': 'keep-alive', 'Content-Type': 'application/json', 'auth_user': 'qa', 'auth_password': 'ninja', 'Content-Length': '111'} 
 body=b'{"name": "Removendo", "email": "removendo@papito.com.br", "whatsapp": "12999997777", "business": "Restaurante"}' 
 </msg>
<msg timestamp="20220506 09:37:48.265" level="INFO">POST Response : url=http://localhost:3333/partners 
 status=201, reason=Created 
 headers={'X-Powered-By': 'Express', 'Access-Control-Allow-Origin': '*', 'Access-Control-Expose-Headers': 'Authorization,auth_user,auth_password', 'Content-Type': 'application/json; charset=utf-8', 'Content-Length': '41', 'ETag': 'W/"29-HotNGyPfQVR4w7L8G6O+TkC7ycA"', 'Date': 'Fri, 06 May 2022 12:37:48 GMT', 'Connection': 'keep-alive', 'Keep-Alive': 'timeout=5'} 
 body={"partner_id":"6275169c3598fa4e7a01b4d7"} 
 </msg>
<msg timestamp="20220506 09:37:48.266" level="INFO">${response} = &lt;Response [201]&gt;</msg>
<status status="PASS" starttime="20220506 09:37:48.040" endtime="20220506 09:37:48.266"/>
</kw>
<msg timestamp="20220506 09:37:48.267" level="INFO">${response} = &lt;Response [201]&gt;</msg>
<status status="PASS" starttime="20220506 09:37:48.039" endtime="20220506 09:37:48.268"/>
</kw>
<kw name="Set Variable" library="BuiltIn">
<var>${partner_id}</var>
<arg>${response.json()}[partner_id]</arg>
<doc>Returns the given values which can then be assigned to a variables.</doc>
<msg timestamp="20220506 09:37:48.271" level="INFO">${partner_id} = 6275169c3598fa4e7a01b4d7</msg>
<status status="PASS" starttime="20220506 09:37:48.268" endtime="20220506 09:37:48.271"/>
</kw>
<msg timestamp="20220506 09:37:48.272" level="INFO">${partner_id} = 6275169c3598fa4e7a01b4d7</msg>
<status status="PASS" starttime="20220506 09:37:46.311" endtime="20220506 09:37:48.272"/>
</kw>
<kw name="Delete Partner" library="services">
<arg>${partner_id}</arg>
<kw name="DELETE" library="RequestsLibrary">
<var>${response}</var>
<arg>${BASE_URL}/${partner_id}</arg>
<arg>headers=${HEADERS}</arg>
<arg>expected_status=any</arg>
<doc>Sends a DELETE request.</doc>
<msg timestamp="20220506 09:37:48.480" level="INFO">DELETE Request : url=http://localhost:3333/partners/6275169c3598fa4e7a01b4d7 
 path_url=/partners/6275169c3598fa4e7a01b4d7 
 headers={'User-Agent': 'python-requests/2.27.1', 'Accept-Encoding': 'gzip, deflate', 'Accept': '*/*', 'Connection': 'keep-alive', 'Content-Type': 'application/json', 'auth_user': 'qa', 'auth_password': 'ninja', 'Content-Length': '0'} 
 body=None 
 </msg>
<msg timestamp="20220506 09:37:48.480" level="INFO">DELETE Response : url=http://localhost:3333/partners/6275169c3598fa4e7a01b4d7 
 status=204, reason=No Content 
 headers={'X-Powered-By': 'Express', 'Access-Control-Allow-Origin': '*', 'Access-Control-Expose-Headers': 'Authorization,auth_user,auth_password', 'Date': 'Fri, 06 May 2022 12:37:48 GMT', 'Connection': 'keep-alive', 'Keep-Alive': 'timeout=5'} 
 body=None 
 </msg>
<msg timestamp="20220506 09:37:48.480" level="INFO">${response} = &lt;Response [204]&gt;</msg>
<status status="PASS" starttime="20220506 09:37:48.275" endtime="20220506 09:37:48.480"/>
</kw>
<status status="PASS" starttime="20220506 09:37:48.274" endtime="20220506 09:37:48.482"/>
</kw>
<kw name="Status Should Be" library="RequestsLibrary">
<arg>204</arg>
<doc>Fails if response status code is different than the expected.</doc>
<status status="PASS" starttime="20220506 09:37:48.483" endtime="20220506 09:37:48.486"/>
</kw>
<status status="PASS" starttime="20220506 09:37:46.309" endtime="20220506 09:37:48.487"/>
</test>
<test id="s1-s1-t2" name="Should return 404 on remove partner" line="19">
<kw name="Factory 404 Partner" library="partner">
<var>${partner}</var>
<msg timestamp="20220506 09:37:48.496" level="INFO">${partner} = {'name': 'Frangao', 'email': 'frangao@papito.com.br', 'whatsapp': '12999997777', 'business': 'Restaurante'}</msg>
<status status="PASS" starttime="20220506 09:37:48.495" endtime="20220506 09:37:48.496"/>
</kw>
<kw name="Create a new partner" library="helpers">
<var>${partner_id}</var>
<arg>${partner}</arg>
<kw name="Remove Partner By name" library="database">
<arg>${partner}[name]</arg>
<kw name="Create Dictionary" library="BuiltIn">
<var>${filter}</var>
<arg>name=${partner_name}</arg>
<doc>Creates and returns a dictionary based on the given ``items``.</doc>
<msg timestamp="20220506 09:37:48.499" level="INFO">${filter} = {'name': 'Frangao'}</msg>
<status status="PASS" starttime="20220506 09:37:48.499" endtime="20220506 09:37:48.499"/>
</kw>
<kw name="Delete One" library="RobotMongoDBLibrary.Delete">
<arg>${MONGO_URI}</arg>
<arg>${filter}</arg>
<status status="PASS" starttime="20220506 09:37:48.500" endtime="20220506 09:37:50.117"/>
</kw>
<status status="PASS" starttime="20220506 09:37:48.498" endtime="20220506 09:37:50.117"/>
</kw>
<kw name="POST Partner" library="services">
<var>${response}</var>
<arg>${partner}</arg>
<kw name="POST" library="RequestsLibrary">
<var>${response}</var>
<arg>${BASE_URL}</arg>
<arg>json=${payload}</arg>
<arg>headers=${HEADERS}</arg>
<arg>expected_status=any</arg>
<doc>Sends a POST request.</doc>
<msg timestamp="20220506 09:37:50.329" level="INFO">POST Request : url=http://localhost:3333/partners 
 path_url=/partners 
 headers={'User-Agent': 'python-requests/2.27.1', 'Accept-Encoding': 'gzip, deflate', 'Accept': '*/*', 'Connection': 'keep-alive', 'Content-Type': 'application/json', 'auth_user': 'qa', 'auth_password': 'ninja', 'Content-Length': '107'} 
 body=b'{"name": "Frangao", "email": "frangao@papito.com.br", "whatsapp": "12999997777", "business": "Restaurante"}' 
 </msg>
<msg timestamp="20220506 09:37:50.330" level="INFO">POST Response : url=http://localhost:3333/partners 
 status=201, reason=Created 
 headers={'X-Powered-By': 'Express', 'Access-Control-Allow-Origin': '*', 'Access-Control-Expose-Headers': 'Authorization,auth_user,auth_password', 'Content-Type': 'application/json; charset=utf-8', 'Content-Length': '41', 'ETag': 'W/"29-z2aiWatA8XM5cslC6p+5cFtAd/s"', 'Date': 'Fri, 06 May 2022 12:37:50 GMT', 'Connection': 'keep-alive', 'Keep-Alive': 'timeout=5'} 
 body={"partner_id":"6275169e3598fa4e7a01b4da"} 
 </msg>
<msg timestamp="20220506 09:37:50.330" level="INFO">${response} = &lt;Response [201]&gt;</msg>
<status status="PASS" starttime="20220506 09:37:50.119" endtime="20220506 09:37:50.330"/>
</kw>
<msg timestamp="20220506 09:37:50.331" level="INFO">${response} = &lt;Response [201]&gt;</msg>
<status status="PASS" starttime="20220506 09:37:50.118" endtime="20220506 09:37:50.331"/>
</kw>
<kw name="Set Variable" library="BuiltIn">
<var>${partner_id}</var>
<arg>${response.json()}[partner_id]</arg>
<doc>Returns the given values which can then be assigned to a variables.</doc>
<msg timestamp="20220506 09:37:50.334" level="INFO">${partner_id} = 6275169e3598fa4e7a01b4da</msg>
<status status="PASS" starttime="20220506 09:37:50.332" endtime="20220506 09:37:50.334"/>
</kw>
<msg timestamp="20220506 09:37:50.335" level="INFO">${partner_id} = 6275169e3598fa4e7a01b4da</msg>
<status status="PASS" starttime="20220506 09:37:48.496" endtime="20220506 09:37:50.335"/>
</kw>
<kw name="Remove Partner By name" library="database">
<arg>${partner}[name]</arg>
<kw name="Create Dictionary" library="BuiltIn">
<var>${filter}</var>
<arg>name=${partner_name}</arg>
<doc>Creates and returns a dictionary based on the given ``items``.</doc>
<msg timestamp="20220506 09:37:50.343" level="INFO">${filter} = {'name': 'Frangao'}</msg>
<status status="PASS" starttime="20220506 09:37:50.342" endtime="20220506 09:37:50.344"/>
</kw>
<kw name="Delete One" library="RobotMongoDBLibrary.Delete">
<arg>${MONGO_URI}</arg>
<arg>${filter}</arg>
<status status="PASS" starttime="20220506 09:37:50.344" endtime="20220506 09:37:51.966"/>
</kw>
<status status="PASS" starttime="20220506 09:37:50.338" endtime="20220506 09:37:51.967"/>
</kw>
<kw name="Delete Partner" library="services">
<arg>${partner_id}</arg>
<kw name="DELETE" library="RequestsLibrary">
<var>${response}</var>
<arg>${BASE_URL}/${partner_id}</arg>
<arg>headers=${HEADERS}</arg>
<arg>expected_status=any</arg>
<doc>Sends a DELETE request.</doc>
<msg timestamp="20220506 09:37:52.163" level="INFO">DELETE Request : url=http://localhost:3333/partners/6275169e3598fa4e7a01b4da 
 path_url=/partners/6275169e3598fa4e7a01b4da 
 headers={'User-Agent': 'python-requests/2.27.1', 'Accept-Encoding': 'gzip, deflate', 'Accept': '*/*', 'Connection': 'keep-alive', 'Content-Type': 'application/json', 'auth_user': 'qa', 'auth_password': 'ninja', 'Content-Length': '0'} 
 body=None 
 </msg>
<msg timestamp="20220506 09:37:52.163" level="INFO">DELETE Response : url=http://localhost:3333/partners/6275169e3598fa4e7a01b4da 
 status=404, reason=Not Found 
 headers={'X-Powered-By': 'Express', 'Access-Control-Allow-Origin': '*', 'Access-Control-Expose-Headers': 'Authorization,auth_user,auth_password', 'Date': 'Fri, 06 May 2022 12:37:52 GMT', 'Connection': 'keep-alive', 'Keep-Alive': 'timeout=5', 'Content-Length': '0'} 
 body=None 
 </msg>
<msg timestamp="20220506 09:37:52.163" level="INFO">${response} = &lt;Response [404]&gt;</msg>
<status status="PASS" starttime="20220506 09:37:51.970" endtime="20220506 09:37:52.163"/>
</kw>
<status status="PASS" starttime="20220506 09:37:51.969" endtime="20220506 09:37:52.163"/>
</kw>
<kw name="Status Should Be" library="RequestsLibrary">
<arg>404</arg>
<doc>Fails if response status code is different than the expected.</doc>
<status status="PASS" starttime="20220506 09:37:52.165" endtime="20220506 09:37:52.166"/>
</kw>
<status status="PASS" starttime="20220506 09:37:48.493" endtime="20220506 09:37:52.170"/>
</test>
<doc>DELETE /partners</doc>
<status status="PASS" starttime="20220506 09:37:45.676" endtime="20220506 09:37:52.173"/>
</suite>
<suite id="s1-s2" name="Get" source="C:\QANinja\buger-eats-partner-api-testes\tests\get.robot">
<kw name="Create Partner List" type="SETUP">
<kw name="Factory Partner List" library="partner">
<var>${partners}</var>
<msg timestamp="20220506 09:37:52.194" level="INFO">${partners} = [{'name': 'parceiro lista 1', 'email': 'lista1@papito.com.br', 'whatsapp': '15999999999', 'business': 'Restaurante'}, {'name': 'Parceiro lista 2', 'email': 'lista2@papito.com.br', 'whatsapp': '1699999...</msg>
<status status="PASS" starttime="20220506 09:37:52.194" endtime="20220506 09:37:52.194"/>
</kw>
<for flavor="IN">
<var>${p}</var>
<value>@{partners}</value>
<iter>
<var name="${p}">{'name': 'parceiro lista 1', 'email': 'lista1@papito.com.br', 'whatsapp': '15999999999', 'business': 'Restaurante'}</var>
<kw name="POST Partner" library="services">
<arg>${p}</arg>
<kw name="POST" library="RequestsLibrary">
<var>${response}</var>
<arg>${BASE_URL}</arg>
<arg>json=${payload}</arg>
<arg>headers=${HEADERS}</arg>
<arg>expected_status=any</arg>
<doc>Sends a POST request.</doc>
<msg timestamp="20220506 09:37:52.393" level="INFO">POST Request : url=http://localhost:3333/partners 
 path_url=/partners 
 headers={'User-Agent': 'python-requests/2.27.1', 'Accept-Encoding': 'gzip, deflate', 'Accept': '*/*', 'Connection': 'keep-alive', 'Content-Type': 'application/json', 'auth_user': 'qa', 'auth_password': 'ninja', 'Content-Length': '115'} 
 body=b'{"name": "parceiro lista 1", "email": "lista1@papito.com.br", "whatsapp": "15999999999", "business": "Restaurante"}' 
 </msg>
<msg timestamp="20220506 09:37:52.394" level="INFO">POST Response : url=http://localhost:3333/partners 
 status=409, reason=Conflict 
 headers={'X-Powered-By': 'Express', 'Access-Control-Allow-Origin': '*', 'Access-Control-Expose-Headers': 'Authorization,auth_user,auth_password', 'Content-Type': 'application/json; charset=utf-8', 'Content-Length': '36', 'ETag': 'W/"24-npRjBxR/ioA1Ds6xvIHfcGoYoY4"', 'Date': 'Fri, 06 May 2022 12:37:52 GMT', 'Connection': 'keep-alive', 'Keep-Alive': 'timeout=5'} 
 body={"message":"Duplicate company name"} 
 </msg>
<msg timestamp="20220506 09:37:52.394" level="INFO">${response} = &lt;Response [409]&gt;</msg>
<status status="PASS" starttime="20220506 09:37:52.195" endtime="20220506 09:37:52.394"/>
</kw>
<status status="PASS" starttime="20220506 09:37:52.195" endtime="20220506 09:37:52.394"/>
</kw>
<status status="PASS" starttime="20220506 09:37:52.195" endtime="20220506 09:37:52.394"/>
</iter>
<iter>
<var name="${p}">{'name': 'Parceiro lista 2', 'email': 'lista2@papito.com.br', 'whatsapp': '16999999999', 'business': 'Supermercado'}</var>
<kw name="POST Partner" library="services">
<arg>${p}</arg>
<kw name="POST" library="RequestsLibrary">
<var>${response}</var>
<arg>${BASE_URL}</arg>
<arg>json=${payload}</arg>
<arg>headers=${HEADERS}</arg>
<arg>expected_status=any</arg>
<doc>Sends a POST request.</doc>
<msg timestamp="20220506 09:37:52.596" level="INFO">POST Request : url=http://localhost:3333/partners 
 path_url=/partners 
 headers={'User-Agent': 'python-requests/2.27.1', 'Accept-Encoding': 'gzip, deflate', 'Accept': '*/*', 'Connection': 'keep-alive', 'Content-Type': 'application/json', 'auth_user': 'qa', 'auth_password': 'ninja', 'Content-Length': '116'} 
 body=b'{"name": "Parceiro lista 2", "email": "lista2@papito.com.br", "whatsapp": "16999999999", "business": "Supermercado"}' 
 </msg>
<msg timestamp="20220506 09:37:52.596" level="INFO">POST Response : url=http://localhost:3333/partners 
 status=409, reason=Conflict 
 headers={'X-Powered-By': 'Express', 'Access-Control-Allow-Origin': '*', 'Access-Control-Expose-Headers': 'Authorization,auth_user,auth_password', 'Content-Type': 'application/json; charset=utf-8', 'Content-Length': '36', 'ETag': 'W/"24-npRjBxR/ioA1Ds6xvIHfcGoYoY4"', 'Date': 'Fri, 06 May 2022 12:37:52 GMT', 'Connection': 'keep-alive', 'Keep-Alive': 'timeout=5'} 
 body={"message":"Duplicate company name"} 
 </msg>
<msg timestamp="20220506 09:37:52.597" level="INFO">${response} = &lt;Response [409]&gt;</msg>
<status status="PASS" starttime="20220506 09:37:52.396" endtime="20220506 09:37:52.597"/>
</kw>
<status status="PASS" starttime="20220506 09:37:52.395" endtime="20220506 09:37:52.598"/>
</kw>
<status status="PASS" starttime="20220506 09:37:52.395" endtime="20220506 09:37:52.598"/>
</iter>
<iter>
<var name="${p}">{'name': 'Parceiro lista 3', 'email': 'lista3@papito.com.br', 'whatsapp': '17999999999', 'business': 'Supermercado'}</var>
<kw name="POST Partner" library="services">
<arg>${p}</arg>
<kw name="POST" library="RequestsLibrary">
<var>${response}</var>
<arg>${BASE_URL}</arg>
<arg>json=${payload}</arg>
<arg>headers=${HEADERS}</arg>
<arg>expected_status=any</arg>
<doc>Sends a POST request.</doc>
<msg timestamp="20220506 09:37:52.811" level="INFO">POST Request : url=http://localhost:3333/partners 
 path_url=/partners 
 headers={'User-Agent': 'python-requests/2.27.1', 'Accept-Encoding': 'gzip, deflate', 'Accept': '*/*', 'Connection': 'keep-alive', 'Content-Type': 'application/json', 'auth_user': 'qa', 'auth_password': 'ninja', 'Content-Length': '116'} 
 body=b'{"name": "Parceiro lista 3", "email": "lista3@papito.com.br", "whatsapp": "17999999999", "business": "Supermercado"}' 
 </msg>
<msg timestamp="20220506 09:37:52.812" level="INFO">POST Response : url=http://localhost:3333/partners 
 status=409, reason=Conflict 
 headers={'X-Powered-By': 'Express', 'Access-Control-Allow-Origin': '*', 'Access-Control-Expose-Headers': 'Authorization,auth_user,auth_password', 'Content-Type': 'application/json; charset=utf-8', 'Content-Length': '36', 'ETag': 'W/"24-npRjBxR/ioA1Ds6xvIHfcGoYoY4"', 'Date': 'Fri, 06 May 2022 12:37:52 GMT', 'Connection': 'keep-alive', 'Keep-Alive': 'timeout=5'} 
 body={"message":"Duplicate company name"} 
 </msg>
<msg timestamp="20220506 09:37:52.812" level="INFO">${response} = &lt;Response [409]&gt;</msg>
<status status="PASS" starttime="20220506 09:37:52.603" endtime="20220506 09:37:52.812"/>
</kw>
<status status="PASS" starttime="20220506 09:37:52.601" endtime="20220506 09:37:52.813"/>
</kw>
<status status="PASS" starttime="20220506 09:37:52.599" endtime="20220506 09:37:52.813"/>
</iter>
<status status="PASS" starttime="20220506 09:37:52.194" endtime="20220506 09:37:52.813"/>
</for>
<status status="PASS" starttime="20220506 09:37:52.194" endtime="20220506 09:37:52.814"/>
</kw>
<test id="s1-s2-t1" name="Should return a partner list" line="10">
<kw name="GET Partners" library="services">
<var>${response}</var>
<kw name="GET" library="RequestsLibrary">
<var>${response}</var>
<arg>${BASE_URL}</arg>
<arg>headers=${HEADERS}</arg>
<arg>expected_status=any</arg>
<doc>Sends a GET request.</doc>
<msg timestamp="20220506 09:37:53.033" level="INFO">GET Request : url=http://localhost:3333/partners 
 path_url=/partners 
 headers={'User-Agent': 'python-requests/2.27.1', 'Accept-Encoding': 'gzip, deflate', 'Accept': '*/*', 'Connection': 'keep-alive', 'Content-Type': 'application/json', 'auth_user': 'qa', 'auth_password': 'ninja'} 
 body=None 
 </msg>
<msg timestamp="20220506 09:37:53.034" level="INFO">GET Response : url=http://localhost:3333/partners 
 status=200, reason=OK 
 headers={'X-Powered-By': 'Express', 'Access-Control-Allow-Origin': '*', 'Access-Control-Expose-Headers': 'Authorization,auth_user,auth_password', 'Content-Type': 'application/json; charset=utf-8', 'Content-Length': '1942', 'ETag': 'W/"796-OV38OVaR491zYtuJCX8LCjBqWok"', 'Date': 'Fri, 06 May 2022 12:37:53 GMT', 'Connection': 'keep-alive', 'Keep-Alive': 'timeout=5'} 
 body=[{"_id":"6275136e3598fa4e7a01b4d5","name":"Pizzas bruninha","email":"bruninhapizzas@papito.com.br","whatsapp":"12999999999","business":"Restaurante","active":false,"created_at":"2022-05-06T12:24:14.880Z","updated_at":"2022-05-06T12:24:14.880Z"},{"_id":"6273e1ab0b46630f52619dd3","name":"Mercado noite desabilitado","email":"mercadodesabilitado@papito.com.br","whatsapp":"12999997777","business":"Supermercado","active":false,"created_at":"2022-05-05T14:39:39.632Z","updated_at":"2022-05-05T14:39:40.029Z"},{"_id":"6273e1a80b46630f52619dd0","name":"Doceria do papito","email":"doceria@papito.com.br","whatsapp":"12999997777","business":"Conveniência","active":true,"created_at":"2022-05-05T14:39:36.780Z","updated_at":"2022-05-05T14:39:36.984Z"},{"_id":"6273e1a60b46630f52619dcc","name":"Parceiro duplicado","email":"duplicado@papito.com.br","whatsapp":"15999999999","business":"Restaurante","active":false,"created_at":"2022-05-05T14:39:34.048Z","updated_at":"2022-05-05T14:39:34.048Z"},{"_id":"6266e6c61c353e1ea9a66389","name":"Parceiro lista 3","email":"lista3@papito.com.br","whatsapp":"17999999999","business":"Supermercado","active":false,"created_at":"2022-04-25T18:21:58.772Z","updated_at":"2022-05-05T02:00:47.535Z"},{"_id":"6266e6c61c353e1ea9a66387","name":"Parceiro lista 2","email":"lista2@papito.com.br","whatsapp":"16999999999","business":"Supermercado","active":false,"created_at":"2022-04-25T18:21:58.591Z","updated_at":"2022-04-25T18:21:58.591Z"},{"_id":"6266e6c61c353e1ea9a66385","name":"parceiro lista 1","email":"lista1@papito.com.br","whatsapp":"15999999999","business":"Restaurante","active":false,"created_at":"2022-04-25T18:21:58.394Z","updated_at":"2022-04-25T18:21:58.394Z"},{"_id":"6266d9981c353e1ea9a66366","name":"Pizza Bruninha 2 ","email":"bruninha2@papito.com.br","whatsapp":"12999999999","business":"Restaurante","active":false,"created_at":"2022-04-25T17:25:44.222Z","updated_at":"2022-04-25T17:25:44.222Z"}] 
 </msg>
<msg timestamp="20220506 09:37:53.035" level="INFO">${response} = &lt;Response [200]&gt;</msg>
<status status="PASS" starttime="20220506 09:37:52.821" endtime="20220506 09:37:53.035"/>
</kw>
<msg timestamp="20220506 09:37:53.036" level="INFO">${response} = &lt;Response [200]&gt;</msg>
<status status="PASS" starttime="20220506 09:37:52.819" endtime="20220506 09:37:53.037"/>
</kw>
<kw name="Status Should Be" library="RequestsLibrary">
<arg>200</arg>
<doc>Fails if response status code is different than the expected.</doc>
<status status="PASS" starttime="20220506 09:37:53.040" endtime="20220506 09:37:53.040"/>
</kw>
<kw name="Get Length" library="BuiltIn">
<var>${size}</var>
<arg>${response.json()}</arg>
<doc>Returns and logs the length of the given item as an integer.</doc>
<msg timestamp="20220506 09:37:53.044" level="INFO">Length is 8</msg>
<msg timestamp="20220506 09:37:53.045" level="INFO">${size} = 8</msg>
<status status="PASS" starttime="20220506 09:37:53.042" endtime="20220506 09:37:53.045"/>
</kw>
<kw name="Should Be True" library="BuiltIn">
<arg>${size} &gt; 0</arg>
<doc>Fails if the given condition is not true.</doc>
<status status="PASS" starttime="20220506 09:37:53.046" endtime="20220506 09:37:53.048"/>
</kw>
<tag>consulta</tag>
<status status="PASS" starttime="20220506 09:37:52.814" endtime="20220506 09:37:53.051"/>
</test>
<test id="s1-s2-t2" name="Should search partner by name" line="20">
<kw name="Search Partners" library="services">
<var>${response}</var>
<arg>lista</arg>
<kw name="Create Dictionary" library="BuiltIn">
<var>${query}</var>
<arg>name=${name}</arg>
<doc>Creates and returns a dictionary based on the given ``items``.</doc>
<msg timestamp="20220506 09:37:53.059" level="INFO">${query} = {'name': 'lista'}</msg>
<status status="PASS" starttime="20220506 09:37:53.059" endtime="20220506 09:37:53.060"/>
</kw>
<kw name="GET" library="RequestsLibrary">
<var>${response}</var>
<arg>${BASE_URL}</arg>
<arg>params=${query}</arg>
<arg>headers=${HEADERS}</arg>
<arg>expected_status=any</arg>
<doc>Sends a GET request.</doc>
<msg timestamp="20220506 09:37:53.261" level="INFO">GET Request : url=http://localhost:3333/partners?name=lista 
 path_url=/partners?name=lista 
 headers={'User-Agent': 'python-requests/2.27.1', 'Accept-Encoding': 'gzip, deflate', 'Accept': '*/*', 'Connection': 'keep-alive', 'Content-Type': 'application/json', 'auth_user': 'qa', 'auth_password': 'ninja'} 
 body=None 
 </msg>
<msg timestamp="20220506 09:37:53.261" level="INFO">GET Response : url=http://localhost:3333/partners?name=lista 
 status=200, reason=OK 
 headers={'X-Powered-By': 'Express', 'Access-Control-Allow-Origin': '*', 'Access-Control-Expose-Headers': 'Authorization,auth_user,auth_password', 'Content-Type': 'application/json; charset=utf-8', 'Content-Length': '714', 'ETag': 'W/"2ca-l9X4B6xvzkPMJwmerfGKq1QvHx8"', 'Date': 'Fri, 06 May 2022 12:37:53 GMT', 'Connection': 'keep-alive', 'Keep-Alive': 'timeout=5'} 
 body=[{"_id":"6266e6c61c353e1ea9a66389","name":"Parceiro lista 3","email":"lista3@papito.com.br","whatsapp":"17999999999","business":"Supermercado","active":false,"created_at":"2022-04-25T18:21:58.772Z","updated_at":"2022-05-05T02:00:47.535Z"},{"_id":"6266e6c61c353e1ea9a66387","name":"Parceiro lista 2","email":"lista2@papito.com.br","whatsapp":"16999999999","business":"Supermercado","active":false,"created_at":"2022-04-25T18:21:58.591Z","updated_at":"2022-04-25T18:21:58.591Z"},{"_id":"6266e6c61c353e1ea9a66385","name":"parceiro lista 1","email":"lista1@papito.com.br","whatsapp":"15999999999","business":"Restaurante","active":false,"created_at":"2022-04-25T18:21:58.394Z","updated_at":"2022-04-25T18:21:58.394Z"}] 
 </msg>
<msg timestamp="20220506 09:37:53.262" level="INFO">${response} = &lt;Response [200]&gt;</msg>
<status status="PASS" starttime="20220506 09:37:53.060" endtime="20220506 09:37:53.262"/>
</kw>
<msg timestamp="20220506 09:37:53.263" level="INFO">${response} = &lt;Response [200]&gt;</msg>
<status status="PASS" starttime="20220506 09:37:53.058" endtime="20220506 09:37:53.263"/>
</kw>
<kw name="Status Should Be" library="RequestsLibrary">
<arg>200</arg>
<doc>Fails if response status code is different than the expected.</doc>
<status status="PASS" starttime="20220506 09:37:53.267" endtime="20220506 09:37:53.269"/>
</kw>
<tag>consulta_por_nome</tag>
<status status="PASS" starttime="20220506 09:37:53.056" endtime="20220506 09:37:53.271"/>
</test>
<doc>GET /partners</doc>
<status status="PASS" starttime="20220506 09:37:52.176" endtime="20220506 09:37:53.275"/>
</suite>
<suite id="s1-s3" name="Post" source="C:\QANinja\buger-eats-partner-api-testes\tests\post.robot">
<test id="s1-s3-t1" name="Should Create a new partner" line="7">
<kw name="Purge message" library="rabbitmq">
<kw name="Create Dictionary" library="BuiltIn">
<var>${payload}</var>
<arg>vhost=tlvwgjpt</arg>
<arg>name=email</arg>
<arg>mode=purge</arg>
<doc>Creates and returns a dictionary based on the given ``items``.</doc>
<msg timestamp="20220506 09:37:53.328" level="INFO">${payload} = {'vhost': 'tlvwgjpt', 'name': 'email', 'mode': 'purge'}</msg>
<status status="PASS" starttime="20220506 09:37:53.327" endtime="20220506 09:37:53.328"/>
</kw>
<kw name="DELETE" library="RequestsLibrary">
<var>${response}</var>
<arg>${RABBIT_URL}/contents</arg>
<arg>json=${payload}</arg>
<arg>headers=${RABBIT_HEADERS}</arg>
<doc>Sends a DELETE request.</doc>
<msg timestamp="20220506 09:37:54.162" level="INFO">DELETE Request : url=https://chimpanzee.rmq.cloudamqp.com/api/queues/tlvwgjpt/email/contents 
 path_url=/api/queues/tlvwgjpt/email/contents 
 headers={'User-Agent': 'python-requests/2.27.1', 'Accept-Encoding': 'gzip, deflate', 'Accept': '*/*', 'Connection': 'keep-alive', 'Content-Type': 'application/json', 'Authorization': 'Basic dGx2d2dqcHQ6M2NnRElibkhmdnVUM052cDR5clI3SjRrQ05BcGJ2M0k=', 'Content-Length': '55'} 
 body=b'{"vhost": "tlvwgjpt", "name": "email", "mode": "purge"}' 
 </msg>
<msg timestamp="20220506 09:37:54.162" level="INFO">DELETE Response : url=https://chimpanzee.rmq.cloudamqp.com/api/queues/tlvwgjpt/email/contents 
 status=204, reason=No Content 
 headers={'Server': 'nginx', 'Date': 'Fri, 06 May 2022 12:37:54 GMT', 'Connection': 'keep-alive', 'content-security-policy': "script-src 'self' 'unsafe-eval' 'unsafe-inline'; object-src 'self', default-src 'none'; connect-src 'self'; img-src 'self'; script-src 'self' 'unsafe-eval'; style-src 'self' 'unsafe-inline'", 'vary': 'accept-encoding, origin', 'X-Frame-Options': 'deny', 'X-Content-Type-Options': 'nosniff', 'X-XSS-Protection': '1; mode=block', 'Strict-Transport-Security': 'max-age=631138519'} 
 body=None 
 </msg>
<msg timestamp="20220506 09:37:54.163" level="INFO">${response} = &lt;Response [204]&gt;</msg>
<status status="PASS" starttime="20220506 09:37:53.328" endtime="20220506 09:37:54.163"/>
</kw>
<status status="PASS" starttime="20220506 09:37:53.326" endtime="20220506 09:37:54.164"/>
</kw>
<kw name="Factory New Partner" library="partner">
<var>${partner}</var>
<msg timestamp="20220506 09:37:54.169" level="INFO">${partner} = {'name': 'Pizzas bruninha', 'email': 'bruninhapizzas@papito.com.br', 'whatsapp': '12999999999', 'business': 'Restaurante'}</msg>
<status status="PASS" starttime="20220506 09:37:54.167" endtime="20220506 09:37:54.169"/>
</kw>
<kw name="Remove Partner By name" library="database">
<arg>${partner}[name]</arg>
<kw name="Create Dictionary" library="BuiltIn">
<var>${filter}</var>
<arg>name=${partner_name}</arg>
<doc>Creates and returns a dictionary based on the given ``items``.</doc>
<msg timestamp="20220506 09:37:54.176" level="INFO">${filter} = {'name': 'Pizzas bruninha'}</msg>
<status status="PASS" starttime="20220506 09:37:54.174" endtime="20220506 09:37:54.176"/>
</kw>
<kw name="Delete One" library="RobotMongoDBLibrary.Delete">
<arg>${MONGO_URI}</arg>
<arg>${filter}</arg>
<status status="PASS" starttime="20220506 09:37:54.176" endtime="20220506 09:37:55.851"/>
</kw>
<status status="PASS" starttime="20220506 09:37:54.171" endtime="20220506 09:37:55.851"/>
</kw>
<kw name="POST Partner" library="services">
<var>${response}</var>
<arg>${partner}</arg>
<kw name="POST" library="RequestsLibrary">
<var>${response}</var>
<arg>${BASE_URL}</arg>
<arg>json=${payload}</arg>
<arg>headers=${HEADERS}</arg>
<arg>expected_status=any</arg>
<doc>Sends a POST request.</doc>
<msg timestamp="20220506 09:37:56.089" level="INFO">POST Request : url=http://localhost:3333/partners 
 path_url=/partners 
 headers={'User-Agent': 'python-requests/2.27.1', 'Accept-Encoding': 'gzip, deflate', 'Accept': '*/*', 'Connection': 'keep-alive', 'Content-Type': 'application/json', 'auth_user': 'qa', 'auth_password': 'ninja', 'Content-Length': '122'} 
 body=b'{"name": "Pizzas bruninha", "email": "bruninhapizzas@papito.com.br", "whatsapp": "12999999999", "business": "Restaurante"}' 
 </msg>
<msg timestamp="20220506 09:37:56.089" level="INFO">POST Response : url=http://localhost:3333/partners 
 status=201, reason=Created 
 headers={'X-Powered-By': 'Express', 'Access-Control-Allow-Origin': '*', 'Access-Control-Expose-Headers': 'Authorization,auth_user,auth_password', 'Content-Type': 'application/json; charset=utf-8', 'Content-Length': '41', 'ETag': 'W/"29-7BzZ/nX/tCBiNoMY99w7zHvYqw8"', 'Date': 'Fri, 06 May 2022 12:37:56 GMT', 'Connection': 'keep-alive', 'Keep-Alive': 'timeout=5'} 
 body={"partner_id":"627516a33598fa4e7a01b4e5"} 
 </msg>
<msg timestamp="20220506 09:37:56.090" level="INFO">${response} = &lt;Response [201]&gt;</msg>
<status status="PASS" starttime="20220506 09:37:55.855" endtime="20220506 09:37:56.090"/>
</kw>
<msg timestamp="20220506 09:37:56.090" level="INFO">${response} = &lt;Response [201]&gt;</msg>
<status status="PASS" starttime="20220506 09:37:55.854" endtime="20220506 09:37:56.090"/>
</kw>
<kw name="Status Should Be" library="RequestsLibrary">
<arg>201</arg>
<doc>Fails if response status code is different than the expected.</doc>
<status status="PASS" starttime="20220506 09:37:56.091" endtime="20220506 09:37:56.092"/>
</kw>
<kw name="Find Partner By name" library="database">
<var>${results}</var>
<arg>${partner}[name]</arg>
<kw name="Create Dictionary" library="BuiltIn">
<var>${filter}</var>
<arg>name=${partner_name}</arg>
<doc>Creates and returns a dictionary based on the given ``items``.</doc>
<msg timestamp="20220506 09:37:56.094" level="INFO">${filter} = {'name': 'Pizzas bruninha'}</msg>
<status status="PASS" starttime="20220506 09:37:56.094" endtime="20220506 09:37:56.094"/>
</kw>
<kw name="Find" library="RobotMongoDBLibrary.Find">
<var>${results}</var>
<arg>${MONGO_URI}</arg>
<arg>${filter}</arg>
<msg timestamp="20220506 09:37:57.840" level="INFO">${results} = [{'_id': '627516a33598fa4e7a01b4e5', 'name': 'Pizzas bruninha', 'email': 'bruninhapizzas@papito.com.br', 'whatsapp': '12999999999', 'business': 'Restaurante', 'active': False, 'created_at': datetime.d...</msg>
<status status="PASS" starttime="20220506 09:37:56.095" endtime="20220506 09:37:57.840"/>
</kw>
<msg timestamp="20220506 09:37:57.841" level="INFO">${results} = {'_id': '627516a33598fa4e7a01b4e5', 'name': 'Pizzas bruninha', 'email': 'bruninhapizzas@papito.com.br', 'whatsapp': '12999999999', 'business': 'Restaurante', 'active': False, 'created_at': datetime.da...</msg>
<status status="PASS" starttime="20220506 09:37:56.093" endtime="20220506 09:37:57.841"/>
</kw>
<kw name="Should Be Equal" library="BuiltIn">
<arg>${response.json()}[partner_id]</arg>
<arg>${results}[_id]</arg>
<doc>Fails if the given objects are unequal.</doc>
<status status="PASS" starttime="20220506 09:37:57.843" endtime="20220506 09:37:57.844"/>
</kw>
<kw name="Get message" library="rabbitmq">
<var>${message}</var>
<kw name="Create Dictionary" library="BuiltIn">
<var>${payload}</var>
<arg>vhost=tlvwgjpt</arg>
<arg>name=email</arg>
<arg>truncate=50000</arg>
<arg>ackmode=ack_requeue_true</arg>
<arg>encoding=auto</arg>
<arg>count=1</arg>
<doc>Creates and returns a dictionary based on the given ``items``.</doc>
<msg timestamp="20220506 09:37:57.847" level="INFO">${payload} = {'vhost': 'tlvwgjpt', 'name': 'email', 'truncate': '50000', 'ackmode': 'ack_requeue_true', 'encoding': 'auto', 'count': '1'}</msg>
<status status="PASS" starttime="20220506 09:37:57.846" endtime="20220506 09:37:57.847"/>
</kw>
<kw name="POST" library="RequestsLibrary">
<var>${response}</var>
<arg>${RABBIT_URL}/get</arg>
<arg>json=${payload}</arg>
<arg>headers=${RABBIT_HEADERS}</arg>
<doc>Sends a POST request.</doc>
<msg timestamp="20220506 09:37:58.688" level="INFO">POST Request : url=https://chimpanzee.rmq.cloudamqp.com/api/queues/tlvwgjpt/email/get 
 path_url=/api/queues/tlvwgjpt/email/get 
 headers={'User-Agent': 'python-requests/2.27.1', 'Accept-Encoding': 'gzip, deflate', 'Accept': '*/*', 'Connection': 'keep-alive', 'Content-Type': 'application/json', 'Authorization': 'Basic dGx2d2dqcHQ6M2NnRElibkhmdnVUM052cDR5clI3SjRrQ05BcGJ2M0k=', 'Content-Length': '124'} 
 body=b'{"vhost": "tlvwgjpt", "name": "email", "truncate": "50000", "ackmode": "ack_requeue_true", "encoding": "auto", "count": "1"}' 
 </msg>
<msg timestamp="20220506 09:37:58.688" level="INFO">POST Response : url=https://chimpanzee.rmq.cloudamqp.com/api/queues/tlvwgjpt/email/get 
 status=200, reason=OK 
 headers={'Server': 'nginx', 'Date': 'Fri, 06 May 2022 12:37:58 GMT', 'Content-Type': 'application/json', 'Content-Length': '288', 'Connection': 'keep-alive', 'cache-control': 'no-cache', 'content-encoding': 'gzip', 'content-security-policy': "script-src 'self' 'unsafe-eval' 'unsafe-inline'; object-src 'self', default-src 'none'; connect-src 'self'; img-src 'self'; script-src 'self' 'unsafe-eval'; style-src 'self' 'unsafe-inline'", 'vary': 'accept, accept-encoding, origin', 'X-Frame-Options': 'deny', 'X-Content-Type-Options': 'nosniff', 'X-XSS-Protection': '1; mode=block', 'Strict-Transport-Security': 'max-age=631138519'} 
 body=[{"payload_bytes":212,"redelivered":false,"exchange":"","routing_key":"email","message_count":0,"properties":{"headers":{}},"payload":"{\"html\":\"&lt;p&gt;Seu cadastro foi confirmado!&lt;/p&gt;Em breve enviaremos mais detalhes sobre a nossa parceria.&lt;/p&gt; &lt;p&gt;Abs, &lt;br/&gt;Equipe BugerEats&lt;/p&gt;\",\"email\":\"bruninhapizzas@papito.com.br\",\"subject\":\"Parceria Buger Eats\"}","payload_encoding":"string"}] 
 </msg>
<msg timestamp="20220506 09:37:58.689" level="INFO">${response} = &lt;Response [200]&gt;</msg>
<status status="PASS" starttime="20220506 09:37:57.847" endtime="20220506 09:37:58.689"/>
</kw>
<msg timestamp="20220506 09:37:58.692" level="INFO">${message} = {'payload_bytes': 212, 'redelivered': False, 'exchange': '', 'routing_key': 'email', 'message_count': 0, 'properties': {'headers': {}}, 'payload': '{"html":"&lt;p&gt;Seu cadastro foi confirmado!&lt;/p&gt;Em breve...</msg>
<status status="PASS" starttime="20220506 09:37:57.845" endtime="20220506 09:37:58.692"/>
</kw>
<kw name="Log" library="BuiltIn">
<arg>${message}[payload]</arg>
<doc>Logs the given message with the given level.</doc>
<msg timestamp="20220506 09:37:58.696" level="INFO">{"html":"&lt;p&gt;Seu cadastro foi confirmado!&lt;/p&gt;Em breve enviaremos mais detalhes sobre a nossa parceria.&lt;/p&gt; &lt;p&gt;Abs, &lt;br/&gt;Equipe BugerEats&lt;/p&gt;","email":"bruninhapizzas@papito.com.br","subject":"Parceria Buger Eats"}</msg>
<status status="PASS" starttime="20220506 09:37:58.695" endtime="20220506 09:37:58.696"/>
</kw>
<kw name="Should Contain" library="BuiltIn">
<arg>${message}[payload]</arg>
<arg>${partner}[email]</arg>
<doc>Fails if ``container`` does not contain ``item`` one or more times.</doc>
<status status="PASS" starttime="20220506 09:37:58.699" endtime="20220506 09:37:58.702"/>
</kw>
<tag>novo_parceiro_happy</tag>
<status status="PASS" starttime="20220506 09:37:53.324" endtime="20220506 09:37:58.704"/>
</test>
<test id="s1-s3-t2" name="Should return duplicate company name" line="28">
<kw name="Factory Dup Name" library="partner">
<var>${partner}</var>
<msg timestamp="20220506 09:37:58.712" level="INFO">${partner} = {'name': 'Parceiro duplicado', 'email': 'duplicado@papito.com.br', 'whatsapp': '15999999999', 'business': 'Restaurante'}</msg>
<status status="PASS" starttime="20220506 09:37:58.711" endtime="20220506 09:37:58.712"/>
</kw>
<kw name="Create a new partner" library="helpers">
<arg>${partner}</arg>
<kw name="Remove Partner By name" library="database">
<arg>${partner}[name]</arg>
<kw name="Create Dictionary" library="BuiltIn">
<var>${filter}</var>
<arg>name=${partner_name}</arg>
<doc>Creates and returns a dictionary based on the given ``items``.</doc>
<msg timestamp="20220506 09:37:58.726" level="INFO">${filter} = {'name': 'Parceiro duplicado'}</msg>
<status status="PASS" starttime="20220506 09:37:58.723" endtime="20220506 09:37:58.727"/>
</kw>
<kw name="Delete One" library="RobotMongoDBLibrary.Delete">
<arg>${MONGO_URI}</arg>
<arg>${filter}</arg>
<status status="PASS" starttime="20220506 09:37:58.728" endtime="20220506 09:38:00.293"/>
</kw>
<status status="PASS" starttime="20220506 09:37:58.720" endtime="20220506 09:38:00.293"/>
</kw>
<kw name="POST Partner" library="services">
<var>${response}</var>
<arg>${partner}</arg>
<kw name="POST" library="RequestsLibrary">
<var>${response}</var>
<arg>${BASE_URL}</arg>
<arg>json=${payload}</arg>
<arg>headers=${HEADERS}</arg>
<arg>expected_status=any</arg>
<doc>Sends a POST request.</doc>
<msg timestamp="20220506 09:38:00.528" level="INFO">POST Request : url=http://localhost:3333/partners 
 path_url=/partners 
 headers={'User-Agent': 'python-requests/2.27.1', 'Accept-Encoding': 'gzip, deflate', 'Accept': '*/*', 'Connection': 'keep-alive', 'Content-Type': 'application/json', 'auth_user': 'qa', 'auth_password': 'ninja', 'Content-Length': '120'} 
 body=b'{"name": "Parceiro duplicado", "email": "duplicado@papito.com.br", "whatsapp": "15999999999", "business": "Restaurante"}' 
 </msg>
<msg timestamp="20220506 09:38:00.528" level="INFO">POST Response : url=http://localhost:3333/partners 
 status=201, reason=Created 
 headers={'X-Powered-By': 'Express', 'Access-Control-Allow-Origin': '*', 'Access-Control-Expose-Headers': 'Authorization,auth_user,auth_password', 'Content-Type': 'application/json; charset=utf-8', 'Content-Length': '41', 'ETag': 'W/"29-bwca/pPYr2ylDvaaA53/0ZYHHO8"', 'Date': 'Fri, 06 May 2022 12:38:00 GMT', 'Connection': 'keep-alive', 'Keep-Alive': 'timeout=5'} 
 body={"partner_id":"627516a83598fa4e7a01b4e7"} 
 </msg>
<msg timestamp="20220506 09:38:00.529" level="INFO">${response} = &lt;Response [201]&gt;</msg>
<status status="PASS" starttime="20220506 09:38:00.296" endtime="20220506 09:38:00.529"/>
</kw>
<msg timestamp="20220506 09:38:00.530" level="INFO">${response} = &lt;Response [201]&gt;</msg>
<status status="PASS" starttime="20220506 09:38:00.294" endtime="20220506 09:38:00.531"/>
</kw>
<kw name="Set Variable" library="BuiltIn">
<var>${partner_id}</var>
<arg>${response.json()}[partner_id]</arg>
<doc>Returns the given values which can then be assigned to a variables.</doc>
<msg timestamp="20220506 09:38:00.534" level="INFO">${partner_id} = 627516a83598fa4e7a01b4e7</msg>
<status status="PASS" starttime="20220506 09:38:00.531" endtime="20220506 09:38:00.534"/>
</kw>
<status status="PASS" starttime="20220506 09:37:58.714" endtime="20220506 09:38:00.535"/>
</kw>
<kw name="POST Partner" library="services">
<var>${response}</var>
<arg>${partner}</arg>
<kw name="POST" library="RequestsLibrary">
<var>${response}</var>
<arg>${BASE_URL}</arg>
<arg>json=${payload}</arg>
<arg>headers=${HEADERS}</arg>
<arg>expected_status=any</arg>
<doc>Sends a POST request.</doc>
<msg timestamp="20220506 09:38:00.747" level="INFO">POST Request : url=http://localhost:3333/partners 
 path_url=/partners 
 headers={'User-Agent': 'python-requests/2.27.1', 'Accept-Encoding': 'gzip, deflate', 'Accept': '*/*', 'Connection': 'keep-alive', 'Content-Type': 'application/json', 'auth_user': 'qa', 'auth_password': 'ninja', 'Content-Length': '120'} 
 body=b'{"name": "Parceiro duplicado", "email": "duplicado@papito.com.br", "whatsapp": "15999999999", "business": "Restaurante"}' 
 </msg>
<msg timestamp="20220506 09:38:00.747" level="INFO">POST Response : url=http://localhost:3333/partners 
 status=409, reason=Conflict 
 headers={'X-Powered-By': 'Express', 'Access-Control-Allow-Origin': '*', 'Access-Control-Expose-Headers': 'Authorization,auth_user,auth_password', 'Content-Type': 'application/json; charset=utf-8', 'Content-Length': '36', 'ETag': 'W/"24-npRjBxR/ioA1Ds6xvIHfcGoYoY4"', 'Date': 'Fri, 06 May 2022 12:38:00 GMT', 'Connection': 'keep-alive', 'Keep-Alive': 'timeout=5'} 
 body={"message":"Duplicate company name"} 
 </msg>
<msg timestamp="20220506 09:38:00.748" level="INFO">${response} = &lt;Response [409]&gt;</msg>
<status status="PASS" starttime="20220506 09:38:00.540" endtime="20220506 09:38:00.748"/>
</kw>
<msg timestamp="20220506 09:38:00.750" level="INFO">${response} = &lt;Response [409]&gt;</msg>
<status status="PASS" starttime="20220506 09:38:00.538" endtime="20220506 09:38:00.750"/>
</kw>
<kw name="Status Should Be" library="RequestsLibrary">
<arg>409</arg>
<doc>Fails if response status code is different than the expected.</doc>
<status status="PASS" starttime="20220506 09:38:00.754" endtime="20220506 09:38:00.755"/>
</kw>
<kw name="Should Be Equal" library="BuiltIn">
<arg>${response.json()}[message]</arg>
<arg>Duplicate company name</arg>
<doc>Fails if the given objects are unequal.</doc>
<status status="PASS" starttime="20220506 09:38:00.756" endtime="20220506 09:38:00.758"/>
</kw>
<tag>duplicado</tag>
<status status="PASS" starttime="20220506 09:37:58.708" endtime="20220506 09:38:00.760"/>
</test>
<doc>POST /partners</doc>
<status status="PASS" starttime="20220506 09:37:53.280" endtime="20220506 09:38:00.764"/>
</suite>
<suite id="s1-s4" name="Put" source="C:\QANinja\buger-eats-partner-api-testes\tests\put.robot">
<test id="s1-s4-t1" name="Should enable a partner" line="7">
<kw name="Factory Enable Partner" library="partner">
<var>${partner}</var>
<msg timestamp="20220506 09:38:00.794" level="INFO">${partner} = {'name': 'Doceria do papito', 'email': 'doceria@papito.com.br', 'whatsapp': '12999997777', 'business': 'Conveniência'}</msg>
<status status="PASS" starttime="20220506 09:38:00.794" endtime="20220506 09:38:00.794"/>
</kw>
<kw name="Create a new partner" library="helpers">
<var>${partner_id}</var>
<arg>${partner}</arg>
<kw name="Remove Partner By name" library="database">
<arg>${partner}[name]</arg>
<kw name="Create Dictionary" library="BuiltIn">
<var>${filter}</var>
<arg>name=${partner_name}</arg>
<doc>Creates and returns a dictionary based on the given ``items``.</doc>
<msg timestamp="20220506 09:38:00.797" level="INFO">${filter} = {'name': 'Doceria do papito'}</msg>
<status status="PASS" starttime="20220506 09:38:00.796" endtime="20220506 09:38:00.797"/>
</kw>
<kw name="Delete One" library="RobotMongoDBLibrary.Delete">
<arg>${MONGO_URI}</arg>
<arg>${filter}</arg>
<status status="PASS" starttime="20220506 09:38:00.798" endtime="20220506 09:38:02.419"/>
</kw>
<status status="PASS" starttime="20220506 09:38:00.795" endtime="20220506 09:38:02.419"/>
</kw>
<kw name="POST Partner" library="services">
<var>${response}</var>
<arg>${partner}</arg>
<kw name="POST" library="RequestsLibrary">
<var>${response}</var>
<arg>${BASE_URL}</arg>
<arg>json=${payload}</arg>
<arg>headers=${HEADERS}</arg>
<arg>expected_status=any</arg>
<doc>Sends a POST request.</doc>
<msg timestamp="20220506 09:38:02.612" level="INFO">POST Request : url=http://localhost:3333/partners 
 path_url=/partners 
 headers={'User-Agent': 'python-requests/2.27.1', 'Accept-Encoding': 'gzip, deflate', 'Accept': '*/*', 'Connection': 'keep-alive', 'Content-Type': 'application/json', 'auth_user': 'qa', 'auth_password': 'ninja', 'Content-Length': '123'} 
 body=b'{"name": "Doceria do papito", "email": "doceria@papito.com.br", "whatsapp": "12999997777", "business": "Conveni\\u00eancia"}' 
 </msg>
<msg timestamp="20220506 09:38:02.612" level="INFO">POST Response : url=http://localhost:3333/partners 
 status=201, reason=Created 
 headers={'X-Powered-By': 'Express', 'Access-Control-Allow-Origin': '*', 'Access-Control-Expose-Headers': 'Authorization,auth_user,auth_password', 'Content-Type': 'application/json; charset=utf-8', 'Content-Length': '41', 'ETag': 'W/"29-at+d+7Ewu9ydCWs/D8uA0woj0ts"', 'Date': 'Fri, 06 May 2022 12:38:02 GMT', 'Connection': 'keep-alive', 'Keep-Alive': 'timeout=5'} 
 body={"partner_id":"627516aa3598fa4e7a01b4eb"} 
 </msg>
<msg timestamp="20220506 09:38:02.612" level="INFO">${response} = &lt;Response [201]&gt;</msg>
<status status="PASS" starttime="20220506 09:38:02.420" endtime="20220506 09:38:02.613"/>
</kw>
<msg timestamp="20220506 09:38:02.614" level="INFO">${response} = &lt;Response [201]&gt;</msg>
<status status="PASS" starttime="20220506 09:38:02.419" endtime="20220506 09:38:02.614"/>
</kw>
<kw name="Set Variable" library="BuiltIn">
<var>${partner_id}</var>
<arg>${response.json()}[partner_id]</arg>
<doc>Returns the given values which can then be assigned to a variables.</doc>
<msg timestamp="20220506 09:38:02.617" level="INFO">${partner_id} = 627516aa3598fa4e7a01b4eb</msg>
<status status="PASS" starttime="20220506 09:38:02.615" endtime="20220506 09:38:02.617"/>
</kw>
<msg timestamp="20220506 09:38:02.618" level="INFO">${partner_id} = 627516aa3598fa4e7a01b4eb</msg>
<status status="PASS" starttime="20220506 09:38:00.795" endtime="20220506 09:38:02.618"/>
</kw>
<kw name="PUT Enable Partner" library="services">
<var>${response}</var>
<arg>${partner_id}</arg>
<kw name="PUT" library="RequestsLibrary">
<var>${response}</var>
<arg>${BASE_URL}/${partner_id}/enable</arg>
<arg>headers=${HEADERS}</arg>
<arg>expected_status=any</arg>
<doc>Sends a PUT request.</doc>
<msg timestamp="20220506 09:38:02.856" level="INFO">PUT Request : url=http://localhost:3333/partners/627516aa3598fa4e7a01b4eb/enable 
 path_url=/partners/627516aa3598fa4e7a01b4eb/enable 
 headers={'User-Agent': 'python-requests/2.27.1', 'Accept-Encoding': 'gzip, deflate', 'Accept': '*/*', 'Connection': 'keep-alive', 'Content-Type': 'application/json', 'auth_user': 'qa', 'auth_password': 'ninja', 'Content-Length': '0'} 
 body=None 
 </msg>
<msg timestamp="20220506 09:38:02.856" level="INFO">PUT Response : url=http://localhost:3333/partners/627516aa3598fa4e7a01b4eb/enable 
 status=200, reason=OK 
 headers={'X-Powered-By': 'Express', 'Access-Control-Allow-Origin': '*', 'Access-Control-Expose-Headers': 'Authorization,auth_user,auth_password', 'Date': 'Fri, 06 May 2022 12:38:02 GMT', 'Connection': 'keep-alive', 'Keep-Alive': 'timeout=5', 'Content-Length': '0'} 
 body=None 
 </msg>
<msg timestamp="20220506 09:38:02.857" level="INFO">${response} = &lt;Response [200]&gt;</msg>
<status status="PASS" starttime="20220506 09:38:02.622" endtime="20220506 09:38:02.857"/>
</kw>
<msg timestamp="20220506 09:38:02.858" level="INFO">${response} = &lt;Response [200]&gt;</msg>
<status status="PASS" starttime="20220506 09:38:02.620" endtime="20220506 09:38:02.858"/>
</kw>
<kw name="Status Should Be" library="RequestsLibrary">
<arg>200</arg>
<doc>Fails if response status code is different than the expected.</doc>
<status status="PASS" starttime="20220506 09:38:02.860" endtime="20220506 09:38:02.861"/>
</kw>
<status status="PASS" starttime="20220506 09:38:00.793" endtime="20220506 09:38:02.863"/>
</test>
<test id="s1-s4-t2" name="Should disable a partner" line="19">
<kw name="Factory Disable Partner" library="partner">
<var>${partner}</var>
<msg timestamp="20220506 09:38:02.872" level="INFO">${partner} = {'name': 'Mercado noite desabilitado', 'email': 'mercadodesabilitado@papito.com.br', 'whatsapp': '12999997777', 'business': 'Supermercado'}</msg>
<status status="PASS" starttime="20220506 09:38:02.871" endtime="20220506 09:38:02.872"/>
</kw>
<kw name="Create a new partner" library="helpers">
<var>${partner_id}</var>
<arg>${partner}</arg>
<kw name="Remove Partner By name" library="database">
<arg>${partner}[name]</arg>
<kw name="Create Dictionary" library="BuiltIn">
<var>${filter}</var>
<arg>name=${partner_name}</arg>
<doc>Creates and returns a dictionary based on the given ``items``.</doc>
<msg timestamp="20220506 09:38:02.876" level="INFO">${filter} = {'name': 'Mercado noite desabilitado'}</msg>
<status status="PASS" starttime="20220506 09:38:02.876" endtime="20220506 09:38:02.877"/>
</kw>
<kw name="Delete One" library="RobotMongoDBLibrary.Delete">
<arg>${MONGO_URI}</arg>
<arg>${filter}</arg>
<status status="PASS" starttime="20220506 09:38:02.877" endtime="20220506 09:38:04.437"/>
</kw>
<status status="PASS" starttime="20220506 09:38:02.875" endtime="20220506 09:38:04.437"/>
</kw>
<kw name="POST Partner" library="services">
<var>${response}</var>
<arg>${partner}</arg>
<kw name="POST" library="RequestsLibrary">
<var>${response}</var>
<arg>${BASE_URL}</arg>
<arg>json=${payload}</arg>
<arg>headers=${HEADERS}</arg>
<arg>expected_status=any</arg>
<doc>Sends a POST request.</doc>
<msg timestamp="20220506 09:38:04.647" level="INFO">POST Request : url=http://localhost:3333/partners 
 path_url=/partners 
 headers={'User-Agent': 'python-requests/2.27.1', 'Accept-Encoding': 'gzip, deflate', 'Accept': '*/*', 'Connection': 'keep-alive', 'Content-Type': 'application/json', 'auth_user': 'qa', 'auth_password': 'ninja', 'Content-Length': '139'} 
 body=b'{"name": "Mercado noite desabilitado", "email": "mercadodesabilitado@papito.com.br", "whatsapp": "12999997777", "business": "Supermercado"}' 
 </msg>
<msg timestamp="20220506 09:38:04.648" level="INFO">POST Response : url=http://localhost:3333/partners 
 status=201, reason=Created 
 headers={'X-Powered-By': 'Express', 'Access-Control-Allow-Origin': '*', 'Access-Control-Expose-Headers': 'Authorization,auth_user,auth_password', 'Content-Type': 'application/json; charset=utf-8', 'Content-Length': '41', 'ETag': 'W/"29-FMFJQpZdpqc7RRjvG5Dvx2hb4HA"', 'Date': 'Fri, 06 May 2022 12:38:04 GMT', 'Connection': 'keep-alive', 'Keep-Alive': 'timeout=5'} 
 body={"partner_id":"627516ac3598fa4e7a01b4ee"} 
 </msg>
<msg timestamp="20220506 09:38:04.648" level="INFO">${response} = &lt;Response [201]&gt;</msg>
<status status="PASS" starttime="20220506 09:38:04.439" endtime="20220506 09:38:04.648"/>
</kw>
<msg timestamp="20220506 09:38:04.649" level="INFO">${response} = &lt;Response [201]&gt;</msg>
<status status="PASS" starttime="20220506 09:38:04.438" endtime="20220506 09:38:04.649"/>
</kw>
<kw name="Set Variable" library="BuiltIn">
<var>${partner_id}</var>
<arg>${response.json()}[partner_id]</arg>
<doc>Returns the given values which can then be assigned to a variables.</doc>
<msg timestamp="20220506 09:38:04.652" level="INFO">${partner_id} = 627516ac3598fa4e7a01b4ee</msg>
<status status="PASS" starttime="20220506 09:38:04.650" endtime="20220506 09:38:04.652"/>
</kw>
<msg timestamp="20220506 09:38:04.653" level="INFO">${partner_id} = 627516ac3598fa4e7a01b4ee</msg>
<status status="PASS" starttime="20220506 09:38:02.874" endtime="20220506 09:38:04.653"/>
</kw>
<kw name="PUT Enable Partner" library="services">
<arg>${partner_id}</arg>
<kw name="PUT" library="RequestsLibrary">
<var>${response}</var>
<arg>${BASE_URL}/${partner_id}/enable</arg>
<arg>headers=${HEADERS}</arg>
<arg>expected_status=any</arg>
<doc>Sends a PUT request.</doc>
<msg timestamp="20220506 09:38:04.865" level="INFO">PUT Request : url=http://localhost:3333/partners/627516ac3598fa4e7a01b4ee/enable 
 path_url=/partners/627516ac3598fa4e7a01b4ee/enable 
 headers={'User-Agent': 'python-requests/2.27.1', 'Accept-Encoding': 'gzip, deflate', 'Accept': '*/*', 'Connection': 'keep-alive', 'Content-Type': 'application/json', 'auth_user': 'qa', 'auth_password': 'ninja', 'Content-Length': '0'} 
 body=None 
 </msg>
<msg timestamp="20220506 09:38:04.865" level="INFO">PUT Response : url=http://localhost:3333/partners/627516ac3598fa4e7a01b4ee/enable 
 status=200, reason=OK 
 headers={'X-Powered-By': 'Express', 'Access-Control-Allow-Origin': '*', 'Access-Control-Expose-Headers': 'Authorization,auth_user,auth_password', 'Date': 'Fri, 06 May 2022 12:38:04 GMT', 'Connection': 'keep-alive', 'Keep-Alive': 'timeout=5', 'Content-Length': '0'} 
 body=None 
 </msg>
<msg timestamp="20220506 09:38:04.867" level="INFO">${response} = &lt;Response [200]&gt;</msg>
<status status="PASS" starttime="20220506 09:38:04.658" endtime="20220506 09:38:04.867"/>
</kw>
<status status="PASS" starttime="20220506 09:38:04.656" endtime="20220506 09:38:04.869"/>
</kw>
<kw name="PUT Disable Partner" library="services">
<var>${response}</var>
<arg>${partner_id}</arg>
<kw name="PUT" library="RequestsLibrary">
<var>${response}</var>
<arg>${BASE_URL}/${partner_id}/disable</arg>
<arg>headers=${HEADERS}</arg>
<arg>expected_status=any</arg>
<doc>Sends a PUT request.</doc>
<msg timestamp="20220506 09:38:05.086" level="INFO">PUT Request : url=http://localhost:3333/partners/627516ac3598fa4e7a01b4ee/disable 
 path_url=/partners/627516ac3598fa4e7a01b4ee/disable 
 headers={'User-Agent': 'python-requests/2.27.1', 'Accept-Encoding': 'gzip, deflate', 'Accept': '*/*', 'Connection': 'keep-alive', 'Content-Type': 'application/json', 'auth_user': 'qa', 'auth_password': 'ninja', 'Content-Length': '0'} 
 body=None 
 </msg>
<msg timestamp="20220506 09:38:05.086" level="INFO">PUT Response : url=http://localhost:3333/partners/627516ac3598fa4e7a01b4ee/disable 
 status=200, reason=OK 
 headers={'X-Powered-By': 'Express', 'Access-Control-Allow-Origin': '*', 'Access-Control-Expose-Headers': 'Authorization,auth_user,auth_password', 'Date': 'Fri, 06 May 2022 12:38:05 GMT', 'Connection': 'keep-alive', 'Keep-Alive': 'timeout=5', 'Content-Length': '0'} 
 body=None 
 </msg>
<msg timestamp="20220506 09:38:05.087" level="INFO">${response} = &lt;Response [200]&gt;</msg>
<status status="PASS" starttime="20220506 09:38:04.873" endtime="20220506 09:38:05.087"/>
</kw>
<msg timestamp="20220506 09:38:05.088" level="INFO">${response} = &lt;Response [200]&gt;</msg>
<status status="PASS" starttime="20220506 09:38:04.871" endtime="20220506 09:38:05.088"/>
</kw>
<kw name="Status Should Be" library="RequestsLibrary">
<arg>200</arg>
<doc>Fails if response status code is different than the expected.</doc>
<status status="PASS" starttime="20220506 09:38:05.090" endtime="20220506 09:38:05.091"/>
</kw>
<status status="PASS" starttime="20220506 09:38:02.869" endtime="20220506 09:38:05.093"/>
</test>
<test id="s1-s4-t3" name="Should return 404 on enable partner" line="34">
<kw name="Factory 404 Partner" library="partner">
<var>${partner}</var>
<msg timestamp="20220506 09:38:05.104" level="INFO">${partner} = {'name': 'Frangao', 'email': 'frangao@papito.com.br', 'whatsapp': '12999997777', 'business': 'Restaurante'}</msg>
<status status="PASS" starttime="20220506 09:38:05.103" endtime="20220506 09:38:05.104"/>
</kw>
<kw name="Remove Partner By name" library="database">
<arg>${partner}[name]</arg>
<kw name="Create Dictionary" library="BuiltIn">
<var>${filter}</var>
<arg>name=${partner_name}</arg>
<doc>Creates and returns a dictionary based on the given ``items``.</doc>
<msg timestamp="20220506 09:38:05.110" level="INFO">${filter} = {'name': 'Frangao'}</msg>
<status status="PASS" starttime="20220506 09:38:05.107" endtime="20220506 09:38:05.110"/>
</kw>
<kw name="Delete One" library="RobotMongoDBLibrary.Delete">
<arg>${MONGO_URI}</arg>
<arg>${filter}</arg>
<status status="PASS" starttime="20220506 09:38:05.110" endtime="20220506 09:38:06.788"/>
</kw>
<status status="PASS" starttime="20220506 09:38:05.106" endtime="20220506 09:38:06.788"/>
</kw>
<kw name="POST Partner" library="services">
<var>${response}</var>
<arg>${partner}</arg>
<kw name="POST" library="RequestsLibrary">
<var>${response}</var>
<arg>${BASE_URL}</arg>
<arg>json=${payload}</arg>
<arg>headers=${HEADERS}</arg>
<arg>expected_status=any</arg>
<doc>Sends a POST request.</doc>
<msg timestamp="20220506 09:38:06.995" level="INFO">POST Request : url=http://localhost:3333/partners 
 path_url=/partners 
 headers={'User-Agent': 'python-requests/2.27.1', 'Accept-Encoding': 'gzip, deflate', 'Accept': '*/*', 'Connection': 'keep-alive', 'Content-Type': 'application/json', 'auth_user': 'qa', 'auth_password': 'ninja', 'Content-Length': '107'} 
 body=b'{"name": "Frangao", "email": "frangao@papito.com.br", "whatsapp": "12999997777", "business": "Restaurante"}' 
 </msg>
<msg timestamp="20220506 09:38:06.995" level="INFO">POST Response : url=http://localhost:3333/partners 
 status=201, reason=Created 
 headers={'X-Powered-By': 'Express', 'Access-Control-Allow-Origin': '*', 'Access-Control-Expose-Headers': 'Authorization,auth_user,auth_password', 'Content-Type': 'application/json; charset=utf-8', 'Content-Length': '41', 'ETag': 'W/"29-sXslXsB6Py4ErWOq+PhLMvWmdDU"', 'Date': 'Fri, 06 May 2022 12:38:06 GMT', 'Connection': 'keep-alive', 'Keep-Alive': 'timeout=5'} 
 body={"partner_id":"627516ae3598fa4e7a01b4f2"} 
 </msg>
<msg timestamp="20220506 09:38:06.996" level="INFO">${response} = &lt;Response [201]&gt;</msg>
<status status="PASS" starttime="20220506 09:38:06.792" endtime="20220506 09:38:06.996"/>
</kw>
<msg timestamp="20220506 09:38:06.998" level="INFO">${response} = &lt;Response [201]&gt;</msg>
<status status="PASS" starttime="20220506 09:38:06.790" endtime="20220506 09:38:06.998"/>
</kw>
<kw name="Set Variable" library="BuiltIn">
<var>${partner_id}</var>
<arg>${response.json()}[partner_id]</arg>
<doc>Returns the given values which can then be assigned to a variables.</doc>
<msg timestamp="20220506 09:38:07.006" level="INFO">${partner_id} = 627516ae3598fa4e7a01b4f2</msg>
<status status="PASS" starttime="20220506 09:38:07.001" endtime="20220506 09:38:07.006"/>
</kw>
<kw name="Remove Partner By name" library="database">
<arg>${partner}[name]</arg>
<kw name="Create Dictionary" library="BuiltIn">
<var>${filter}</var>
<arg>name=${partner_name}</arg>
<doc>Creates and returns a dictionary based on the given ``items``.</doc>
<msg timestamp="20220506 09:38:07.009" level="INFO">${filter} = {'name': 'Frangao'}</msg>
<status status="PASS" starttime="20220506 09:38:07.008" endtime="20220506 09:38:07.009"/>
</kw>
<kw name="Delete One" library="RobotMongoDBLibrary.Delete">
<arg>${MONGO_URI}</arg>
<arg>${filter}</arg>
<status status="PASS" starttime="20220506 09:38:07.009" endtime="20220506 09:38:08.551"/>
</kw>
<status status="PASS" starttime="20220506 09:38:07.007" endtime="20220506 09:38:08.552"/>
</kw>
<kw name="PUT Enable Partner" library="services">
<var>${response}</var>
<arg>${partner_id}</arg>
<kw name="PUT" library="RequestsLibrary">
<var>${response}</var>
<arg>${BASE_URL}/${partner_id}/enable</arg>
<arg>headers=${HEADERS}</arg>
<arg>expected_status=any</arg>
<doc>Sends a PUT request.</doc>
<msg timestamp="20220506 09:38:08.755" level="INFO">PUT Request : url=http://localhost:3333/partners/627516ae3598fa4e7a01b4f2/enable 
 path_url=/partners/627516ae3598fa4e7a01b4f2/enable 
 headers={'User-Agent': 'python-requests/2.27.1', 'Accept-Encoding': 'gzip, deflate', 'Accept': '*/*', 'Connection': 'keep-alive', 'Content-Type': 'application/json', 'auth_user': 'qa', 'auth_password': 'ninja', 'Content-Length': '0'} 
 body=None 
 </msg>
<msg timestamp="20220506 09:38:08.755" level="INFO">PUT Response : url=http://localhost:3333/partners/627516ae3598fa4e7a01b4f2/enable 
 status=404, reason=Not Found 
 headers={'X-Powered-By': 'Express', 'Access-Control-Allow-Origin': '*', 'Access-Control-Expose-Headers': 'Authorization,auth_user,auth_password', 'Date': 'Fri, 06 May 2022 12:38:08 GMT', 'Connection': 'keep-alive', 'Keep-Alive': 'timeout=5', 'Content-Length': '0'} 
 body=None 
 </msg>
<msg timestamp="20220506 09:38:08.756" level="INFO">${response} = &lt;Response [404]&gt;</msg>
<status status="PASS" starttime="20220506 09:38:08.556" endtime="20220506 09:38:08.756"/>
</kw>
<msg timestamp="20220506 09:38:08.757" level="INFO">${response} = &lt;Response [404]&gt;</msg>
<status status="PASS" starttime="20220506 09:38:08.554" endtime="20220506 09:38:08.757"/>
</kw>
<kw name="Status Should Be" library="RequestsLibrary">
<arg>404</arg>
<doc>Fails if response status code is different than the expected.</doc>
<status status="PASS" starttime="20220506 09:38:08.759" endtime="20220506 09:38:08.760"/>
</kw>
<status status="PASS" starttime="20220506 09:38:05.100" endtime="20220506 09:38:08.762"/>
</test>
<test id="s1-s4-t4" name="Should return 404 on disable partner" line="55">
<kw name="Factory 404 Partner" library="partner">
<var>${partner}</var>
<msg timestamp="20220506 09:38:08.773" level="INFO">${partner} = {'name': 'Frangao', 'email': 'frangao@papito.com.br', 'whatsapp': '12999997777', 'business': 'Restaurante'}</msg>
<status status="PASS" starttime="20220506 09:38:08.772" endtime="20220506 09:38:08.773"/>
</kw>
<kw name="Remove Partner By name" library="database">
<arg>${partner}[name]</arg>
<kw name="Create Dictionary" library="BuiltIn">
<var>${filter}</var>
<arg>name=${partner_name}</arg>
<doc>Creates and returns a dictionary based on the given ``items``.</doc>
<msg timestamp="20220506 09:38:08.780" level="INFO">${filter} = {'name': 'Frangao'}</msg>
<status status="PASS" starttime="20220506 09:38:08.776" endtime="20220506 09:38:08.780"/>
</kw>
<kw name="Delete One" library="RobotMongoDBLibrary.Delete">
<arg>${MONGO_URI}</arg>
<arg>${filter}</arg>
<status status="PASS" starttime="20220506 09:38:08.781" endtime="20220506 09:38:10.434"/>
</kw>
<status status="PASS" starttime="20220506 09:38:08.775" endtime="20220506 09:38:10.434"/>
</kw>
<kw name="POST Partner" library="services">
<var>${response}</var>
<arg>${partner}</arg>
<kw name="POST" library="RequestsLibrary">
<var>${response}</var>
<arg>${BASE_URL}</arg>
<arg>json=${payload}</arg>
<arg>headers=${HEADERS}</arg>
<arg>expected_status=any</arg>
<doc>Sends a POST request.</doc>
<msg timestamp="20220506 09:38:10.638" level="INFO">POST Request : url=http://localhost:3333/partners 
 path_url=/partners 
 headers={'User-Agent': 'python-requests/2.27.1', 'Accept-Encoding': 'gzip, deflate', 'Accept': '*/*', 'Connection': 'keep-alive', 'Content-Type': 'application/json', 'auth_user': 'qa', 'auth_password': 'ninja', 'Content-Length': '107'} 
 body=b'{"name": "Frangao", "email": "frangao@papito.com.br", "whatsapp": "12999997777", "business": "Restaurante"}' 
 </msg>
<msg timestamp="20220506 09:38:10.638" level="INFO">POST Response : url=http://localhost:3333/partners 
 status=201, reason=Created 
 headers={'X-Powered-By': 'Express', 'Access-Control-Allow-Origin': '*', 'Access-Control-Expose-Headers': 'Authorization,auth_user,auth_password', 'Content-Type': 'application/json; charset=utf-8', 'Content-Length': '41', 'ETag': 'W/"29-HHhD97TShuJooWl2ik8DMebvhWE"', 'Date': 'Fri, 06 May 2022 12:38:10 GMT', 'Connection': 'keep-alive', 'Keep-Alive': 'timeout=5'} 
 body={"partner_id":"627516b23598fa4e7a01b4f5"} 
 </msg>
<msg timestamp="20220506 09:38:10.639" level="INFO">${response} = &lt;Response [201]&gt;</msg>
<status status="PASS" starttime="20220506 09:38:10.438" endtime="20220506 09:38:10.639"/>
</kw>
<msg timestamp="20220506 09:38:10.639" level="INFO">${response} = &lt;Response [201]&gt;</msg>
<status status="PASS" starttime="20220506 09:38:10.436" endtime="20220506 09:38:10.639"/>
</kw>
<kw name="Set Variable" library="BuiltIn">
<var>${partner_id}</var>
<arg>${response.json()}[partner_id]</arg>
<doc>Returns the given values which can then be assigned to a variables.</doc>
<msg timestamp="20220506 09:38:10.642" level="INFO">${partner_id} = 627516b23598fa4e7a01b4f5</msg>
<status status="PASS" starttime="20220506 09:38:10.641" endtime="20220506 09:38:10.642"/>
</kw>
<kw name="Remove Partner By name" library="database">
<arg>${partner}[name]</arg>
<kw name="Create Dictionary" library="BuiltIn">
<var>${filter}</var>
<arg>name=${partner_name}</arg>
<doc>Creates and returns a dictionary based on the given ``items``.</doc>
<msg timestamp="20220506 09:38:10.645" level="INFO">${filter} = {'name': 'Frangao'}</msg>
<status status="PASS" starttime="20220506 09:38:10.644" endtime="20220506 09:38:10.646"/>
</kw>
<kw name="Delete One" library="RobotMongoDBLibrary.Delete">
<arg>${MONGO_URI}</arg>
<arg>${filter}</arg>
<status status="PASS" starttime="20220506 09:38:10.646" endtime="20220506 09:38:12.280"/>
</kw>
<status status="PASS" starttime="20220506 09:38:10.643" endtime="20220506 09:38:12.280"/>
</kw>
<kw name="PUT Disable Partner" library="services">
<var>${response}</var>
<arg>${partner_id}</arg>
<kw name="PUT" library="RequestsLibrary">
<var>${response}</var>
<arg>${BASE_URL}/${partner_id}/disable</arg>
<arg>headers=${HEADERS}</arg>
<arg>expected_status=any</arg>
<doc>Sends a PUT request.</doc>
<msg timestamp="20220506 09:38:12.488" level="INFO">PUT Request : url=http://localhost:3333/partners/627516b23598fa4e7a01b4f5/disable 
 path_url=/partners/627516b23598fa4e7a01b4f5/disable 
 headers={'User-Agent': 'python-requests/2.27.1', 'Accept-Encoding': 'gzip, deflate', 'Accept': '*/*', 'Connection': 'keep-alive', 'Content-Type': 'application/json', 'auth_user': 'qa', 'auth_password': 'ninja', 'Content-Length': '0'} 
 body=None 
 </msg>
<msg timestamp="20220506 09:38:12.489" level="INFO">PUT Response : url=http://localhost:3333/partners/627516b23598fa4e7a01b4f5/disable 
 status=404, reason=Not Found 
 headers={'X-Powered-By': 'Express', 'Access-Control-Allow-Origin': '*', 'Access-Control-Expose-Headers': 'Authorization,auth_user,auth_password', 'Date': 'Fri, 06 May 2022 12:38:12 GMT', 'Connection': 'keep-alive', 'Keep-Alive': 'timeout=5', 'Content-Length': '0'} 
 body=None 
 </msg>
<msg timestamp="20220506 09:38:12.489" level="INFO">${response} = &lt;Response [404]&gt;</msg>
<status status="PASS" starttime="20220506 09:38:12.285" endtime="20220506 09:38:12.490"/>
</kw>
<msg timestamp="20220506 09:38:12.491" level="INFO">${response} = &lt;Response [404]&gt;</msg>
<status status="PASS" starttime="20220506 09:38:12.283" endtime="20220506 09:38:12.491"/>
</kw>
<kw name="Status Should Be" library="RequestsLibrary">
<arg>404</arg>
<doc>Fails if response status code is different than the expected.</doc>
<status status="PASS" starttime="20220506 09:38:12.494" endtime="20220506 09:38:12.494"/>
</kw>
<status status="PASS" starttime="20220506 09:38:08.770" endtime="20220506 09:38:12.498"/>
</test>
<doc>PUT /partners</doc>
<status status="PASS" starttime="20220506 09:38:00.771" endtime="20220506 09:38:12.502"/>
</suite>
<status status="PASS" starttime="20220506 09:37:45.629" endtime="20220506 09:38:12.508"/>
</suite>
<statistics>
<total>
<stat pass="10" fail="0" skip="0">All Tests</stat>
</total>
<tag>
<stat pass="1" fail="0" skip="0">consulta</stat>
<stat pass="1" fail="0" skip="0">consulta_por_nome</stat>
<stat pass="1" fail="0" skip="0">duplicado</stat>
<stat pass="1" fail="0" skip="0">novo_parceiro_happy</stat>
</tag>
<suite>
<stat pass="10" fail="0" skip="0" id="s1" name="Tests">Tests</stat>
<stat pass="2" fail="0" skip="0" id="s1-s1" name="Delete">Tests.Delete</stat>
<stat pass="2" fail="0" skip="0" id="s1-s2" name="Get">Tests.Get</stat>
<stat pass="2" fail="0" skip="0" id="s1-s3" name="Post">Tests.Post</stat>
<stat pass="4" fail="0" skip="0" id="s1-s4" name="Put">Tests.Put</stat>
</suite>
</statistics>
<errors>
</errors>
</robot>
